<<<<<<< HEAD
[debug] [2023-11-30T09:58:36.353Z] ----------------------------------------------------------------------
[debug] [2023-11-30T09:58:36.360Z] Command:       C:\Program Files\nodejs\node.exe C:\Users\singh\AppData\Roaming\npm\node_modules\firebase-tools\lib\bin\firebase.js deploy --debug
[debug] [2023-11-30T09:58:36.362Z] CLI Version:   12.9.1
[debug] [2023-11-30T09:58:36.363Z] Platform:      win32
[debug] [2023-11-30T09:58:36.364Z] Node Version:  v18.18.2
[debug] [2023-11-30T09:58:36.366Z] Time:          Thu Nov 30 2023 15:28:36 GMT+0530 (India Standard Time)
[debug] [2023-11-30T09:58:36.367Z] ----------------------------------------------------------------------
[debug] 
[debug] [2023-11-30T09:58:36.691Z] > command requires scopes: ["email","openid","https://www.googleapis.com/auth/cloudplatformprojects.readonly","https://www.googleapis.com/auth/firebase","https://www.googleapis.com/auth/cloud-platform"]
[debug] [2023-11-30T09:58:36.731Z] > authorizing via signed-in user (singhshashank875@gmail.com)
[debug] [2023-11-30T09:58:36.750Z] [iam] checking project fir-f4f2f for permissions ["cloudfunctions.functions.create","cloudfunctions.functions.delete","cloudfunctions.functions.get","cloudfunctions.functions.list","cloudfunctions.functions.update","cloudfunctions.operations.get","firebase.projects.get","firebasehosting.sites.update"]
[debug] [2023-11-30T09:58:36.790Z] > refreshing access token with scopes: []
[debug] [2023-11-30T09:58:36.826Z] >>> [apiv2][query] POST https://www.googleapis.com/oauth2/v3/token [none]
[debug] [2023-11-30T09:58:36.856Z] >>> [apiv2][body] POST https://www.googleapis.com/oauth2/v3/token [omitted]
[debug] [2023-11-30T09:58:37.365Z] <<< [apiv2][status] POST https://www.googleapis.com/oauth2/v3/token 200
[debug] [2023-11-30T09:58:37.366Z] <<< [apiv2][body] POST https://www.googleapis.com/oauth2/v3/token [omitted]
[debug] [2023-11-30T09:58:37.381Z] >>> [apiv2][query] POST https://cloudresourcemanager.googleapis.com/v1/projects/fir-f4f2f:testIamPermissions [none]
[debug] [2023-11-30T09:58:37.382Z] >>> [apiv2][(partial)header] POST https://cloudresourcemanager.googleapis.com/v1/projects/fir-f4f2f:testIamPermissions x-goog-quota-user=projects/fir-f4f2f
[debug] [2023-11-30T09:58:37.384Z] >>> [apiv2][body] POST https://cloudresourcemanager.googleapis.com/v1/projects/fir-f4f2f:testIamPermissions {"permissions":["cloudfunctions.functions.create","cloudfunctions.functions.delete","cloudfunctions.functions.get","cloudfunctions.functions.list","cloudfunctions.functions.update","cloudfunctions.operations.get","firebase.projects.get","firebasehosting.sites.update"]}
[debug] [2023-11-30T09:58:38.888Z] <<< [apiv2][status] POST https://cloudresourcemanager.googleapis.com/v1/projects/fir-f4f2f:testIamPermissions 200
[debug] [2023-11-30T09:58:38.889Z] <<< [apiv2][body] POST https://cloudresourcemanager.googleapis.com/v1/projects/fir-f4f2f:testIamPermissions {"permissions":["cloudfunctions.functions.create","cloudfunctions.functions.delete","cloudfunctions.functions.get","cloudfunctions.functions.list","cloudfunctions.functions.update","cloudfunctions.operations.get","firebase.projects.get","firebasehosting.sites.update"]}
[debug] [2023-11-30T09:58:38.891Z] >>> [apiv2][query] POST https://iam.googleapis.com/v1/projects/fir-f4f2f/serviceAccounts/fir-f4f2f@appspot.gserviceaccount.com:testIamPermissions [none]
[debug] [2023-11-30T09:58:38.892Z] >>> [apiv2][body] POST https://iam.googleapis.com/v1/projects/fir-f4f2f/serviceAccounts/fir-f4f2f@appspot.gserviceaccount.com:testIamPermissions {"permissions":["iam.serviceAccounts.actAs"]}
[debug] [2023-11-30T09:58:40.820Z] <<< [apiv2][status] POST https://iam.googleapis.com/v1/projects/fir-f4f2f/serviceAccounts/fir-f4f2f@appspot.gserviceaccount.com:testIamPermissions 200
[debug] [2023-11-30T09:58:40.821Z] <<< [apiv2][body] POST https://iam.googleapis.com/v1/projects/fir-f4f2f/serviceAccounts/fir-f4f2f@appspot.gserviceaccount.com:testIamPermissions {"permissions":["iam.serviceAccounts.actAs"]}
[debug] [2023-11-30T09:58:40.824Z] >>> [apiv2][query] GET https://firebase.googleapis.com/v1beta1/projects/fir-f4f2f [none]
[debug] [2023-11-30T09:58:41.419Z] <<< [apiv2][status] GET https://firebase.googleapis.com/v1beta1/projects/fir-f4f2f 200
[debug] [2023-11-30T09:58:41.419Z] <<< [apiv2][body] GET https://firebase.googleapis.com/v1beta1/projects/fir-f4f2f {"projectId":"fir-f4f2f","projectNumber":"362720150222","displayName":"Amazon","name":"projects/fir-f4f2f","resources":{"hostingSite":"fir-f4f2f"},"state":"ACTIVE","etag":"1_fcc3ae73-a7fa-4a1c-878b-3afbff65b7ea"}
[info] 
[info] === Deploying to 'fir-f4f2f'...
[info] 
[info] i  deploying functions, hosting 
[info] Running command: npm --prefix "$RESOURCE_DIR" run lint
[info] +  functions: Finished running predeploy script. 
[debug] [2023-11-30T09:58:52.215Z] >>> [apiv2][query] GET https://firebase.googleapis.com/v1beta1/projects/fir-f4f2f [none]
[debug] [2023-11-30T09:58:52.758Z] <<< [apiv2][status] GET https://firebase.googleapis.com/v1beta1/projects/fir-f4f2f 200
[debug] [2023-11-30T09:58:52.759Z] <<< [apiv2][body] GET https://firebase.googleapis.com/v1beta1/projects/fir-f4f2f {"projectId":"fir-f4f2f","projectNumber":"362720150222","displayName":"Amazon","name":"projects/fir-f4f2f","resources":{"hostingSite":"fir-f4f2f"},"state":"ACTIVE","etag":"1_fcc3ae73-a7fa-4a1c-878b-3afbff65b7ea"}
[info] i  functions: preparing codebase default for deployment 
[info] i  functions: ensuring required API cloudfunctions.googleapis.com is enabled... 
[info] i  functions: ensuring required API cloudbuild.googleapis.com is enabled... 
[info] i  artifactregistry: ensuring required API artifactregistry.googleapis.com is enabled... 
[debug] [2023-11-30T09:58:52.766Z] >>> [apiv2][query] GET https://serviceusage.googleapis.com/v1/projects/fir-f4f2f/services/cloudfunctions.googleapis.com [none]
[debug] [2023-11-30T09:58:52.767Z] >>> [apiv2][(partial)header] GET https://serviceusage.googleapis.com/v1/projects/fir-f4f2f/services/cloudfunctions.googleapis.com x-goog-quota-user=projects/fir-f4f2f
[debug] [2023-11-30T09:58:52.771Z] >>> [apiv2][query] GET https://serviceusage.googleapis.com/v1/projects/fir-f4f2f/services/runtimeconfig.googleapis.com [none]
[debug] [2023-11-30T09:58:52.772Z] >>> [apiv2][(partial)header] GET https://serviceusage.googleapis.com/v1/projects/fir-f4f2f/services/runtimeconfig.googleapis.com x-goog-quota-user=projects/fir-f4f2f
[debug] [2023-11-30T09:58:52.775Z] >>> [apiv2][query] GET https://serviceusage.googleapis.com/v1/projects/fir-f4f2f/services/cloudbuild.googleapis.com [none]
[debug] [2023-11-30T09:58:52.776Z] >>> [apiv2][(partial)header] GET https://serviceusage.googleapis.com/v1/projects/fir-f4f2f/services/cloudbuild.googleapis.com x-goog-quota-user=projects/fir-f4f2f
[debug] [2023-11-30T09:58:52.780Z] >>> [apiv2][query] GET https://serviceusage.googleapis.com/v1/projects/fir-f4f2f/services/artifactregistry.googleapis.com [none]
[debug] [2023-11-30T09:58:52.781Z] >>> [apiv2][(partial)header] GET https://serviceusage.googleapis.com/v1/projects/fir-f4f2f/services/artifactregistry.googleapis.com x-goog-quota-user=projects/fir-f4f2f
[debug] [2023-11-30T09:58:54.614Z] <<< [apiv2][status] GET https://serviceusage.googleapis.com/v1/projects/fir-f4f2f/services/cloudfunctions.googleapis.com 200
[debug] [2023-11-30T09:58:54.614Z] <<< [apiv2][body] GET https://serviceusage.googleapis.com/v1/projects/fir-f4f2f/services/cloudfunctions.googleapis.com [omitted]
[info] +  functions: required API cloudfunctions.googleapis.com is enabled 
[debug] [2023-11-30T09:58:54.619Z] <<< [apiv2][status] GET https://serviceusage.googleapis.com/v1/projects/fir-f4f2f/services/artifactregistry.googleapis.com 200
[debug] [2023-11-30T09:58:54.620Z] <<< [apiv2][body] GET https://serviceusage.googleapis.com/v1/projects/fir-f4f2f/services/artifactregistry.googleapis.com [omitted]
[info] +  artifactregistry: required API artifactregistry.googleapis.com is enabled 
[debug] [2023-11-30T09:58:54.627Z] <<< [apiv2][status] GET https://serviceusage.googleapis.com/v1/projects/fir-f4f2f/services/cloudbuild.googleapis.com 200
[debug] [2023-11-30T09:58:54.628Z] <<< [apiv2][body] GET https://serviceusage.googleapis.com/v1/projects/fir-f4f2f/services/cloudbuild.googleapis.com [omitted]
[info] +  functions: required API cloudbuild.googleapis.com is enabled 
[debug] [2023-11-30T09:58:54.669Z] <<< [apiv2][status] GET https://serviceusage.googleapis.com/v1/projects/fir-f4f2f/services/runtimeconfig.googleapis.com 200
[debug] [2023-11-30T09:58:54.670Z] <<< [apiv2][body] GET https://serviceusage.googleapis.com/v1/projects/fir-f4f2f/services/runtimeconfig.googleapis.com [omitted]
[debug] [2023-11-30T09:58:54.672Z] >>> [apiv2][query] GET https://firebase.googleapis.com/v1beta1/projects/fir-f4f2f/adminSdkConfig [none]
[debug] [2023-11-30T09:58:55.390Z] <<< [apiv2][status] GET https://firebase.googleapis.com/v1beta1/projects/fir-f4f2f/adminSdkConfig 200
[debug] [2023-11-30T09:58:55.390Z] <<< [apiv2][body] GET https://firebase.googleapis.com/v1beta1/projects/fir-f4f2f/adminSdkConfig {"projectId":"fir-f4f2f","storageBucket":"fir-f4f2f.appspot.com"}
[debug] [2023-11-30T09:58:55.392Z] >>> [apiv2][query] GET https://runtimeconfig.googleapis.com/v1beta1/projects/fir-f4f2f/configs [none]
[debug] [2023-11-30T09:58:56.237Z] <<< [apiv2][status] GET https://runtimeconfig.googleapis.com/v1beta1/projects/fir-f4f2f/configs 200
[debug] [2023-11-30T09:58:56.239Z] <<< [apiv2][body] GET https://runtimeconfig.googleapis.com/v1beta1/projects/fir-f4f2f/configs {}
[debug] [2023-11-30T09:58:56.243Z] Validating nodejs source
[debug] [2023-11-30T09:58:59.811Z] > [functions] package.json contents: {
=======
[debug] [2023-11-29T16:09:25.587Z] ----------------------------------------------------------------------
[debug] [2023-11-29T16:09:25.593Z] Command:       C:\Program Files\nodejs\node.exe C:\Users\singh\AppData\Roaming\npm\node_modules\firebase-tools\lib\bin\firebase.js emulators:start
[debug] [2023-11-29T16:09:25.594Z] CLI Version:   12.9.1
[debug] [2023-11-29T16:09:25.596Z] Platform:      win32
[debug] [2023-11-29T16:09:25.596Z] Node Version:  v18.18.2
[debug] [2023-11-29T16:09:25.598Z] Time:          Wed Nov 29 2023 21:39:25 GMT+0530 (India Standard Time)
[debug] [2023-11-29T16:09:25.599Z] ----------------------------------------------------------------------
[debug] 
[debug] [2023-11-29T16:09:26.008Z] > command requires scopes: ["email","openid","https://www.googleapis.com/auth/cloudplatformprojects.readonly","https://www.googleapis.com/auth/firebase","https://www.googleapis.com/auth/cloud-platform"]
[debug] [2023-11-29T16:09:26.009Z] > authorizing via signed-in user (singhshashank875@gmail.com)
[info] i  emulators: Starting emulators: functions, hosting {"metadata":{"emulator":{"name":"hub"},"message":"Starting emulators: functions, hosting"}}
[debug] [2023-11-29T16:09:26.074Z] [logging] Logging Emulator only supports listening on one address (127.0.0.1). Not listening on ::1
[debug] [2023-11-29T16:09:26.074Z] [hosting] Hosting Emulator only supports listening on one address (127.0.0.1). Not listening on ::1
[debug] [2023-11-29T16:09:26.075Z] assigned listening specs for emulators {"user":{"hub":[{"address":"127.0.0.1","family":"IPv4","port":4400},{"address":"::1","family":"IPv6","port":4400}],"ui":[{"address":"127.0.0.1","family":"IPv4","port":4000},{"address":"::1","family":"IPv6","port":4000}],"logging":[{"address":"127.0.0.1","family":"IPv4","port":4500}],"hosting":[{"address":"127.0.0.1","family":"IPv4","port":5000}]},"metadata":{"message":"assigned listening specs for emulators"}}
[debug] [2023-11-29T16:09:26.102Z] [hub] writing locator at C:\Users\singh\AppData\Local\Temp\hub-fir-f4f2f.json
[debug] [2023-11-29T16:09:26.161Z] [functions] Functions Emulator only supports listening on one address (127.0.0.1). Not listening on ::1
[debug] [2023-11-29T16:09:26.162Z] [eventarc] Eventarc Emulator only supports listening on one address (127.0.0.1). Not listening on ::1
[debug] [2023-11-29T16:09:26.162Z] late-assigned ports for functions and eventarc emulators {"user":{"hub":[{"address":"127.0.0.1","family":"IPv4","port":4400},{"address":"::1","family":"IPv6","port":4400}],"ui":[{"address":"127.0.0.1","family":"IPv4","port":4000},{"address":"::1","family":"IPv6","port":4000}],"logging":[{"address":"127.0.0.1","family":"IPv4","port":4500}],"hosting":[{"address":"127.0.0.1","family":"IPv4","port":5000}],"functions":[{"address":"127.0.0.1","family":"IPv4","port":5001}],"eventarc":[{"address":"127.0.0.1","family":"IPv4","port":9299}]},"metadata":{"message":"late-assigned ports for functions and eventarc emulators"}}
[warn] !  functions: The following emulators are not running, calls to these services from the Functions emulator will affect production: auth, firestore, database, pubsub, storage {"metadata":{"emulator":{"name":"functions"},"message":"The following emulators are not running, calls to these services from the Functions emulator will affect production: \u001b[1mauth, firestore, database, pubsub, storage\u001b[22m"}}
[debug] [2023-11-29T16:09:26.177Z] defaultcredentials: writing to file C:\Users\singh\AppData\Roaming\firebase\singhshashank875_gmail_com_application_default_credentials.json
[debug] [2023-11-29T16:09:26.193Z] Setting GAC to C:\Users\singh\AppData\Roaming\firebase\singhshashank875_gmail_com_application_default_credentials.json {"metadata":{"emulator":{"name":"functions"},"message":"Setting GAC to C:\\Users\\singh\\AppData\\Roaming\\firebase\\singhshashank875_gmail_com_application_default_credentials.json"}}
[debug] [2023-11-29T16:09:26.200Z] > refreshing access token with scopes: []
[debug] [2023-11-29T16:09:26.213Z] >>> [apiv2][query] POST https://www.googleapis.com/oauth2/v3/token [none]
[debug] [2023-11-29T16:09:26.214Z] >>> [apiv2][body] POST https://www.googleapis.com/oauth2/v3/token [omitted]
[debug] [2023-11-29T16:09:26.529Z] <<< [apiv2][status] POST https://www.googleapis.com/oauth2/v3/token 200
[debug] [2023-11-29T16:09:26.529Z] <<< [apiv2][body] POST https://www.googleapis.com/oauth2/v3/token [omitted]
[debug] [2023-11-29T16:09:26.550Z] >>> [apiv2][query] GET https://firebase.googleapis.com/v1beta1/projects/fir-f4f2f/adminSdkConfig [none]
[debug] [2023-11-29T16:09:27.151Z] <<< [apiv2][status] GET https://firebase.googleapis.com/v1beta1/projects/fir-f4f2f/adminSdkConfig 200
[debug] [2023-11-29T16:09:27.152Z] <<< [apiv2][body] GET https://firebase.googleapis.com/v1beta1/projects/fir-f4f2f/adminSdkConfig {"projectId":"fir-f4f2f","storageBucket":"fir-f4f2f.appspot.com"}
[debug] [2023-11-29T16:09:27.189Z] >>> [apiv2][query] GET https://firebasehosting.googleapis.com/v1beta1/projects/fir-f4f2f/sites 
[debug] [2023-11-29T16:09:28.557Z] <<< [apiv2][status] GET https://firebasehosting.googleapis.com/v1beta1/projects/fir-f4f2f/sites 200
[debug] [2023-11-29T16:09:28.558Z] <<< [apiv2][body] GET https://firebasehosting.googleapis.com/v1beta1/projects/fir-f4f2f/sites {"sites":[{"name":"projects/fir-f4f2f/sites/fir-f4f2f","defaultUrl":"https://fir-f4f2f.web.app","appId":"1:362720150222:web:a59b4b881f87f20880c69f","type":"DEFAULT_SITE"}]}
[debug] [2023-11-29T16:09:28.558Z] >>> [apiv2][query] GET https://firebase.googleapis.com/v1beta1/projects/fir-f4f2f/webApps/1:362720150222:web:a59b4b881f87f20880c69f/config [none]
[debug] [2023-11-29T16:09:29.638Z] <<< [apiv2][status] GET https://firebase.googleapis.com/v1beta1/projects/fir-f4f2f/webApps/1:362720150222:web:a59b4b881f87f20880c69f/config 200
[debug] [2023-11-29T16:09:29.638Z] <<< [apiv2][body] GET https://firebase.googleapis.com/v1beta1/projects/fir-f4f2f/webApps/1:362720150222:web:a59b4b881f87f20880c69f/config {"projectId":"fir-f4f2f","appId":"1:362720150222:web:a59b4b881f87f20880c69f","storageBucket":"fir-f4f2f.appspot.com","apiKey":"AIzaSyA0bRs0w9QYPEpQGVAtXEk2DukZ6cMyK7w","authDomain":"fir-f4f2f.firebaseapp.com","messagingSenderId":"362720150222","measurementId":"G-1LKNELP7X3"}
[debug] [2023-11-29T16:09:29.651Z] >>> [apiv2][query] GET https://firebase.googleapis.com/v1beta1/projects/fir-f4f2f [none]
[debug] [2023-11-29T16:09:30.121Z] <<< [apiv2][status] GET https://firebase.googleapis.com/v1beta1/projects/fir-f4f2f 200
[debug] [2023-11-29T16:09:30.121Z] <<< [apiv2][body] GET https://firebase.googleapis.com/v1beta1/projects/fir-f4f2f {"projectId":"fir-f4f2f","projectNumber":"362720150222","displayName":"Amazon","name":"projects/fir-f4f2f","resources":{"hostingSite":"fir-f4f2f"},"state":"ACTIVE","etag":"1_fcc3ae73-a7fa-4a1c-878b-3afbff65b7ea"}
[info] i  hosting[fir-f4f2f]: Serving hosting files from: build {"metadata":{"emulator":{"name":"hosting"},"message":"Serving hosting files from: \u001b[1mbuild\u001b[22m"}}
[info] +  hosting[fir-f4f2f]: Local server: http://127.0.0.1:5000 {"metadata":{"emulator":{"name":"hosting"},"message":"Local server: \u001b[4m\u001b[1mhttp://127.0.0.1:5000\u001b[22m\u001b[24m"}}
[debug] [2023-11-29T16:09:30.177Z] Ignoring unsupported arg: auto_download {"metadata":{"emulator":{"name":"ui"},"message":"Ignoring unsupported arg: auto_download"}}
[debug] [2023-11-29T16:09:30.177Z] Ignoring unsupported arg: port {"metadata":{"emulator":{"name":"ui"},"message":"Ignoring unsupported arg: port"}}
[debug] [2023-11-29T16:09:30.178Z] Starting Emulator UI with command {"binary":"node","args":["C:\\Users\\singh\\.cache\\firebase\\emulators\\ui-v1.11.7\\server\\server.js"],"optionalArgs":[],"joinArgs":false} {"metadata":{"emulator":{"name":"ui"},"message":"Starting Emulator UI with command {\"binary\":\"node\",\"args\":[\"C:\\\\Users\\\\singh\\\\.cache\\\\firebase\\\\emulators\\\\ui-v1.11.7\\\\server\\\\server.js\"],\"optionalArgs\":[],\"joinArgs\":false}"}}
[info] i  ui: Emulator UI logging to ui-debug.log {"metadata":{"emulator":{"name":"ui"},"message":"Emulator UI logging to \u001b[1mui-debug.log\u001b[22m"}}
[debug] [2023-11-29T16:09:30.538Z] Web / API server started at 127.0.0.1:4000
 {"metadata":{"emulator":{"name":"ui"},"message":"Web / API server started at 127.0.0.1:4000\n"}}
[debug] [2023-11-29T16:09:30.538Z] Web / API server started at ::1:4000
 {"metadata":{"emulator":{"name":"ui"},"message":"Web / API server started at ::1:4000\n"}}
[info] i  functions: Watching "C:\FULL STACK DEV\ReactJS\amazon\functions" for Cloud Functions... {"metadata":{"emulator":{"name":"functions"},"message":"Watching \"C:\\FULL STACK DEV\\ReactJS\\amazon\\functions\" for Cloud Functions..."}}
[debug] [2023-11-29T16:09:30.750Z] Validating nodejs source
[debug] [2023-11-29T16:09:35.983Z] > [functions] package.json contents: {
>>>>>>> 3fc5ef99990969e221910504ded479de5089e8f3
  "name": "functions",
  "description": "Cloud Functions for Firebase",
  "scripts": {
    "lint": "eslint .",
    "serve": "firebase emulators:start --only functions",
    "shell": "firebase functions:shell",
    "start": "npm run shell",
    "deploy": "firebase deploy --only functions",
    "logs": "firebase functions:log"
  },
  "engines": {
    "node": "18"
  },
  "main": "index.js",
  "dependencies": {
    "firebase-admin": "^11.8.0",
<<<<<<< HEAD
    "firebase-functions": "^4.3.1",
    "stripe": "^14.5.0"
=======
    "firebase-functions": "^4.3.1"
>>>>>>> 3fc5ef99990969e221910504ded479de5089e8f3
  },
  "devDependencies": {
    "eslint": "^8.15.0",
    "eslint-config-google": "^0.14.0",
    "firebase-functions-test": "^3.1.0"
  },
  "private": true
}
<<<<<<< HEAD
[debug] [2023-11-30T09:58:59.818Z] Building nodejs source
[info] i  functions: Loading and analyzing source code for codebase default to determine what to deploy 
[debug] [2023-11-30T09:58:59.822Z] Could not find functions.yaml. Must use http discovery
[debug] [2023-11-30T09:58:59.853Z] Found firebase-functions binary at 'C:\FULL STACK DEV\ReactJS\amazon\functions\node_modules\.bin\firebase-functions'
[info] Serving at port 8427

[debug] [2023-11-30T09:59:01.369Z] Got response from /__/functions.yaml {"endpoints":{"api":{"platform":"gcfv1","availableMemoryMb":null,"timeoutSeconds":null,"minInstances":null,"maxInstances":null,"ingressSettings":null,"serviceAccountEmail":null,"vpc":null,"httpsTrigger":{},"entryPoint":"api"}},"specVersion":"v1alpha1","requiredAPIs":[]}
[info] i  functions: preparing functions directory for uploading... 
[info] i  functions: packaged C:\FULL STACK DEV\ReactJS\amazon\functions (75.01 KB) for uploading 
[debug] [2023-11-30T09:59:01.543Z] >>> [apiv2][query] GET https://cloudfunctions.googleapis.com/v1/projects/fir-f4f2f/locations/-/functions [none]
[debug] [2023-11-30T09:59:02.445Z] <<< [apiv2][status] GET https://cloudfunctions.googleapis.com/v1/projects/fir-f4f2f/locations/-/functions 200
[debug] [2023-11-30T09:59:02.446Z] <<< [apiv2][body] GET https://cloudfunctions.googleapis.com/v1/projects/fir-f4f2f/locations/-/functions {"functions":[{"name":"projects/fir-f4f2f/locations/us-central1/functions/api","httpsTrigger":{"url":"https://us-central1-fir-f4f2f.cloudfunctions.net/api","securityLevel":"SECURE_ALWAYS"},"status":"ACTIVE","entryPoint":"api","timeout":"60s","availableMemoryMb":256,"serviceAccountEmail":"fir-f4f2f@appspot.gserviceaccount.com","updateTime":"2023-11-30T09:45:56.847Z","versionId":"25","labels":{"deployment-tool":"cli-firebase","firebase-functions-hash":"b8d25c891a318bf40a3f9fe7ce65dd16bc5eac59"},"sourceUploadUrl":"https://storage.googleapis.com/uploads-1069524713938.us-central1.cloudfunctions.appspot.com/5e9109e8-2962-44aa-86e7-15c45a8ea840.zip","environmentVariables":{"FIREBASE_CONFIG":"{\"projectId\":\"fir-f4f2f\",\"storageBucket\":\"fir-f4f2f.appspot.com\"}","GCLOUD_PROJECT":"fir-f4f2f","EVENTARC_CLOUD_EVENT_SOURCE":"projects/fir-f4f2f/locations/us-central1/functions/api"},"runtime":"nodejs18","ingressSettings":"ALLOW_ALL","buildId":"23f813b9-7540-4d90-b74d-2b322c122721","buildEnvironmentVariables":{"GOOGLE_NODE_RUN_SCRIPTS":""},"buildName":"projects/362720150222/locations/us-central1/builds/23f813b9-7540-4d90-b74d-2b322c122721","dockerRegistry":"ARTIFACT_REGISTRY"}]}
[debug] [2023-11-30T09:59:02.452Z] >>> [apiv2][query] GET https://cloudfunctions.googleapis.com/v2/projects/fir-f4f2f/locations/-/functions filter=environment%3D%22GEN_2%22
[debug] [2023-11-30T09:59:04.488Z] <<< [apiv2][status] GET https://cloudfunctions.googleapis.com/v2/projects/fir-f4f2f/locations/-/functions 200
[debug] [2023-11-30T09:59:04.489Z] <<< [apiv2][body] GET https://cloudfunctions.googleapis.com/v2/projects/fir-f4f2f/locations/-/functions {}
[debug] [2023-11-30T09:59:04.494Z] >>> [apiv2][query] GET https://firebase.googleapis.com/v1beta1/projects/fir-f4f2f [none]
[debug] [2023-11-30T09:59:05.230Z] <<< [apiv2][status] GET https://firebase.googleapis.com/v1beta1/projects/fir-f4f2f 200
[debug] [2023-11-30T09:59:05.231Z] <<< [apiv2][body] GET https://firebase.googleapis.com/v1beta1/projects/fir-f4f2f {"projectId":"fir-f4f2f","projectNumber":"362720150222","displayName":"Amazon","name":"projects/fir-f4f2f","resources":{"hostingSite":"fir-f4f2f"},"state":"ACTIVE","etag":"1_fcc3ae73-a7fa-4a1c-878b-3afbff65b7ea"}
[debug] [2023-11-30T09:59:05.239Z] >>> [apiv2][query] POST https://firebasehosting.googleapis.com/v1beta1/projects/-/sites/fir-f4f2f/versions [none]
[debug] [2023-11-30T09:59:05.240Z] >>> [apiv2][body] POST https://firebasehosting.googleapis.com/v1beta1/projects/-/sites/fir-f4f2f/versions {"status":"CREATED","labels":{"deployment-tool":"cli-firebase"}}
[debug] [2023-11-30T09:59:06.722Z] <<< [apiv2][status] POST https://firebasehosting.googleapis.com/v1beta1/projects/-/sites/fir-f4f2f/versions 200
[debug] [2023-11-30T09:59:06.722Z] <<< [apiv2][body] POST https://firebasehosting.googleapis.com/v1beta1/projects/-/sites/fir-f4f2f/versions {"name":"projects/362720150222/sites/fir-f4f2f/versions/c599f233fd409f4c","status":"CREATED","config":{},"labels":{"deployment-tool":"cli-firebase"}}
[info] i  hosting[fir-f4f2f]: beginning deploy... 
[info] i  hosting[fir-f4f2f]: found 13 files in build 
[debug] [2023-11-30T09:59:06.751Z] [hosting] uploading with 200 concurrency
[debug] [2023-11-30T09:59:06.763Z] [hosting] hash cache [YnVpbGQ] stored for 13 files
[debug] [2023-11-30T09:59:06.764Z] [hosting][hash queue][FINAL] {"max":5,"min":1,"avg":1,"active":0,"complete":13,"success":13,"errored":0,"retried":0,"total":13,"elapsed":9}
[debug] [2023-11-30T09:59:06.768Z] >>> [apiv2][query] POST https://firebasehosting.googleapis.com/v1beta1/projects/362720150222/sites/fir-f4f2f/versions/c599f233fd409f4c:populateFiles [none]
[debug] [2023-11-30T09:59:06.770Z] >>> [apiv2][body] POST https://firebasehosting.googleapis.com/v1beta1/projects/362720150222/sites/fir-f4f2f/versions/c599f233fd409f4c:populateFiles {"files":{"/asset-manifest.json":"48093a731d8a022de79a631a9650b807749d0b35ae02877f9c0877daed98e047","/favicon.ico":"4987041cb9ed9eeee5d23c0da1c31d8f43b5c7173283bfd6dd19dba734d68977","/index.html":"59297c908760724a77c9049397b5f6357e641097a2e09088a51d6be99ad42a29","/logo192.png":"3ee59515172ee198f3be375979df15ac5345183e656720a381b8872b2a39dc8b","/logo512.png":"ee7e2f3fdb8209c4b6fd7bef6ba50d1b9dba30a25bb5c3126df057e1cb6f5331","/manifest.json":"8f618668806ba46eb2ed186163134a25fae2f7f27c180f12f97ada78a10f6261","/robots.txt":"b2090cf9761ef60aa06e4fab97679bd43dfa5e5df073701ead5879d7c68f1ec5","/images/flag.png":"33a3c1a430d4f926fea2880347db49feefc6c71c711bb2ff317f38830702435c","/static/css/main.df5fd415.css":"19691c4ccab0ab3cac1b05066982f818e6b6b2ea75a6b354ef2dd6f731f05fd2","/static/css/main.df5fd415.css.map":"394b4c6237662ea4ecd4fd378cec8e0dc9366afc96b63f0892c5592caf5e6a65","/static/js/main.e8b6daae.js":"fe1eebc1b707054c3615c5737b830ae7fdb43661a0100c1920d8977611d7e297","/static/js/main.e8b6daae.js.LICENSE.txt":"27ce0eb4985b7f82b8adc258bc9236dcc918e2c95f24f9d65cb6a4888dece433","/static/js/main.e8b6daae.js.map":"d5a1eae8f194b30d2eda6ee9c42f92a23b4fede8787c3a6aa2bb903be52cee91"}}
[debug] [2023-11-30T09:59:07.967Z] <<< [apiv2][status] POST https://firebasehosting.googleapis.com/v1beta1/projects/362720150222/sites/fir-f4f2f/versions/c599f233fd409f4c:populateFiles 200
[debug] [2023-11-30T09:59:07.968Z] <<< [apiv2][body] POST https://firebasehosting.googleapis.com/v1beta1/projects/362720150222/sites/fir-f4f2f/versions/c599f233fd409f4c:populateFiles {"uploadUrl":"https://upload-firebasehosting.googleapis.com/upload/sites/fir-f4f2f/versions/c599f233fd409f4c/files"}
[debug] [2023-11-30T09:59:07.969Z] [hosting][populate queue][FINAL] {"max":1208,"min":1208,"avg":1208,"active":0,"complete":1,"success":1,"errored":0,"retried":0,"total":1,"elapsed":1208}
[debug] [2023-11-30T09:59:07.970Z] [hosting] uploads queued: 0
[debug] [2023-11-30T09:59:07.970Z] [hosting][upload queue][FINAL] {"max":0,"min":9999999999,"avg":0,"active":0,"complete":0,"success":0,"errored":0,"retried":0,"total":0,"elapsed":1701338347970}
[info] i  hosting: upload complete 
[info] +  hosting[fir-f4f2f]: file upload complete 
[debug] [2023-11-30T09:59:07.973Z] [hosting] deploy completed after 1245ms
[info] i  functions: Skipping the deploy of unchanged functions with experimental support for skipdeployingnoopfunctions 
[info] +  functions[api(us-central1)] Skipped (No changes detected) 
[debug] [2023-11-30T09:59:07.983Z] Total Function Deployment time: 1
[debug] [2023-11-30T09:59:07.984Z] 0 Functions Deployed
[debug] [2023-11-30T09:59:07.985Z] 0 Functions Errored
[debug] [2023-11-30T09:59:07.986Z] 0 Function Deployments Aborted
[debug] [2023-11-30T09:59:07.987Z] Average Function Deployment time: NaN
[debug] [2023-11-30T09:59:08.225Z] Not printing URL for HTTPS function. Typically this means it didn't match a filter or we failed deployment
[info] i  functions: cleaning up build files... 
[debug] [2023-11-30T09:59:08.229Z] >>> [apiv2][query] DELETE https://artifactregistry.googleapis.com/v1beta2/projects/fir-f4f2f/locations/us-central1/repositories/gcf-artifacts/packages/api [none]
[debug] [2023-11-30T09:59:08.233Z] >>> [apiv2][query] GET https://us.gcr.io/v2/fir-f4f2f/gcf/us-central1/tags/list [none]
[debug] [2023-11-30T09:59:08.835Z] <<< [apiv2][status] GET https://us.gcr.io/v2/fir-f4f2f/gcf/us-central1/tags/list 200
[debug] [2023-11-30T09:59:08.835Z] <<< [apiv2][body] GET https://us.gcr.io/v2/fir-f4f2f/gcf/us-central1/tags/list {"child":[],"manifest":{},"name":"fir-f4f2f/gcf/us-central1","tags":[]}
[debug] [2023-11-30T09:59:08.836Z] Could not find image for function projects/fir-f4f2f/locations/us-central1/functions/api
[debug] [2023-11-30T09:59:10.248Z] <<< [apiv2][status] DELETE https://artifactregistry.googleapis.com/v1beta2/projects/fir-f4f2f/locations/us-central1/repositories/gcf-artifacts/packages/api 404
[debug] [2023-11-30T09:59:10.263Z] <<< [apiv2][body] DELETE https://artifactregistry.googleapis.com/v1beta2/projects/fir-f4f2f/locations/us-central1/repositories/gcf-artifacts/packages/api {"error":{"code":404,"message":"Package \"projects/fir-f4f2f/locations/us-central1/repositories/gcf-artifacts/packages/api\" was not found.","status":"NOT_FOUND"}}
[debug] [2023-11-30T09:59:10.269Z] [
  {
    "config": {
      "public": "build",
      "ignore": [
        "firebase.json",
        "**/.*",
        "**/node_modules/**"
      ],
      "rewrites": [
        {
          "source": "**",
          "destination": "/index.html"
        }
      ],
      "site": "fir-f4f2f"
    },
    "version": "projects/362720150222/sites/fir-f4f2f/versions/c599f233fd409f4c"
  }
]
[info] i  hosting[fir-f4f2f]: finalizing version... 
[debug] [2023-11-30T09:59:10.286Z] >>> [apiv2][query] PATCH https://firebasehosting.googleapis.com/v1beta1/projects/-/sites/fir-f4f2f/versions/c599f233fd409f4c updateMask=status%2Cconfig
[debug] [2023-11-30T09:59:10.293Z] >>> [apiv2][body] PATCH https://firebasehosting.googleapis.com/v1beta1/projects/-/sites/fir-f4f2f/versions/c599f233fd409f4c {"status":"FINALIZED","config":{"rewrites":[{"glob":"**","path":"/index.html"}]}}
[debug] [2023-11-30T09:59:11.533Z] <<< [apiv2][status] PATCH https://firebasehosting.googleapis.com/v1beta1/projects/-/sites/fir-f4f2f/versions/c599f233fd409f4c 200
[debug] [2023-11-30T09:59:11.534Z] <<< [apiv2][body] PATCH https://firebasehosting.googleapis.com/v1beta1/projects/-/sites/fir-f4f2f/versions/c599f233fd409f4c {"name":"projects/362720150222/sites/fir-f4f2f/versions/c599f233fd409f4c","status":"FINALIZED","config":{"rewrites":[{"glob":"**","path":"/index.html"}]},"labels":{"deployment-tool":"cli-firebase"},"createTime":"2023-11-30T09:59:05.758416Z","createUser":{"email":"singhshashank875@gmail.com"},"finalizeTime":"2023-11-30T09:59:10.808025Z","finalizeUser":{"email":"singhshashank875@gmail.com"}}
[debug] [2023-11-30T09:59:11.535Z] [hosting] finalized version for fir-f4f2f:[object Object]
[info] +  hosting[fir-f4f2f]: version finalized 
[info] i  hosting[fir-f4f2f]: releasing new version... 
[debug] [2023-11-30T09:59:11.538Z] >>> [apiv2][query] POST https://firebasehosting.googleapis.com/v1beta1/projects/-/sites/fir-f4f2f/channels/live/releases versionName=projects%2F362720150222%2Fsites%2Ffir-f4f2f%2Fversions%2Fc599f233fd409f4c
[debug] [2023-11-30T09:59:11.539Z] >>> [apiv2][body] POST https://firebasehosting.googleapis.com/v1beta1/projects/-/sites/fir-f4f2f/channels/live/releases {}
[debug] [2023-11-30T09:59:12.735Z] <<< [apiv2][status] POST https://firebasehosting.googleapis.com/v1beta1/projects/-/sites/fir-f4f2f/channels/live/releases 200
[debug] [2023-11-30T09:59:12.736Z] <<< [apiv2][body] POST https://firebasehosting.googleapis.com/v1beta1/projects/-/sites/fir-f4f2f/channels/live/releases {"name":"projects/362720150222/sites/fir-f4f2f/channels/live/releases/1701338351419000","version":{"name":"projects/362720150222/sites/fir-f4f2f/versions/c599f233fd409f4c","status":"FINALIZED","config":{"rewrites":[{"glob":"**","path":"/index.html"}]},"labels":{"deployment-tool":"cli-firebase"},"createTime":"2023-11-30T09:59:05.758416Z","createUser":{"email":"singhshashank875@gmail.com","imageUrl":"https://lh3.googleusercontent.com/a/ACg8ocKpXVvNiLwtdxcTRGQ0T3PuQv9foPicfsw8ptBGtkz_r9c"},"finalizeTime":"2023-11-30T09:59:10.808025Z","finalizeUser":{"email":"singhshashank875@gmail.com","imageUrl":"https://lh3.googleusercontent.com/a/ACg8ocKpXVvNiLwtdxcTRGQ0T3PuQv9foPicfsw8ptBGtkz_r9c"}},"type":"DEPLOY","releaseTime":"2023-11-30T09:59:11.419Z","releaseUser":{"email":"singhshashank875@gmail.com","imageUrl":"https://lh3.googleusercontent.com/a/ACg8ocKpXVvNiLwtdxcTRGQ0T3PuQv9foPicfsw8ptBGtkz_r9c"}}
[debug] [2023-11-30T09:59:12.739Z] [hosting] release: {"name":"projects/362720150222/sites/fir-f4f2f/channels/live/releases/1701338351419000","version":{"name":"projects/362720150222/sites/fir-f4f2f/versions/c599f233fd409f4c","status":"FINALIZED","config":{"rewrites":[{"glob":"**","path":"/index.html"}]},"labels":{"deployment-tool":"cli-firebase"},"createTime":"2023-11-30T09:59:05.758416Z","createUser":{"email":"singhshashank875@gmail.com","imageUrl":"https://lh3.googleusercontent.com/a/ACg8ocKpXVvNiLwtdxcTRGQ0T3PuQv9foPicfsw8ptBGtkz_r9c"},"finalizeTime":"2023-11-30T09:59:10.808025Z","finalizeUser":{"email":"singhshashank875@gmail.com","imageUrl":"https://lh3.googleusercontent.com/a/ACg8ocKpXVvNiLwtdxcTRGQ0T3PuQv9foPicfsw8ptBGtkz_r9c"}},"type":"DEPLOY","releaseTime":"2023-11-30T09:59:11.419Z","releaseUser":{"email":"singhshashank875@gmail.com","imageUrl":"https://lh3.googleusercontent.com/a/ACg8ocKpXVvNiLwtdxcTRGQ0T3PuQv9foPicfsw8ptBGtkz_r9c"}}
[info] +  hosting[fir-f4f2f]: release complete 
[info] 
[info] +  Deploy complete! 
[info] 
[info] Project Console: https://console.firebase.google.com/project/fir-f4f2f/overview
[info] Hosting URL: https://fir-f4f2f.web.app
=======
[debug] [2023-11-29T16:09:35.983Z] Building nodejs source
[debug] [2023-11-29T16:09:35.987Z] Failed to find version of module node: reached end of search path C:\FULL STACK DEV\ReactJS\amazon\functions\node_modules
[info] +  functions: Using node@18 from host. 
[debug] [2023-11-29T16:09:35.999Z] Could not find functions.yaml. Must use http discovery
[debug] [2023-11-29T16:09:36.043Z] Found firebase-functions binary at 'C:\FULL STACK DEV\ReactJS\amazon\functions\node_modules\.bin\firebase-functions'
[info] Serving at port 8295

[debug] [2023-11-29T16:09:39.117Z] Got response from /__/functions.yaml {"endpoints":{"api":{"platform":"gcfv1","availableMemoryMb":null,"timeoutSeconds":null,"minInstances":null,"maxInstances":null,"ingressSettings":null,"serviceAccountEmail":null,"vpc":null,"httpsTrigger":{},"entryPoint":"api"}},"specVersion":"v1alpha1","requiredAPIs":[]}
[info] +  functions: Loaded functions definitions from source: api. {"metadata":{"emulator":{"name":"functions"},"message":"Loaded functions definitions from source: api."}}
[info] +  functions[us-central1-api]: http function initialized (http://127.0.0.1:5001/fir-f4f2f/us-central1/api). {"metadata":{"emulator":{"name":"functions"},"message":"\u001b[1mhttp\u001b[22m function initialized (http://127.0.0.1:5001/fir-f4f2f/us-central1/api)."}}
[info] 
┌─────────────────────────────────────────────────────────────┐
│ ✔  All emulators ready! It is now safe to connect your app. │
│ i  View Emulator UI at http://127.0.0.1:4000/               │
└─────────────────────────────────────────────────────────────┘

┌───────────┬────────────────┬─────────────────────────────────┐
│ Emulator  │ Host:Port      │ View in Emulator UI             │
├───────────┼────────────────┼─────────────────────────────────┤
│ Functions │ 127.0.0.1:5001 │ http://127.0.0.1:4000/functions │
├───────────┼────────────────┼─────────────────────────────────┤
│ Hosting   │ 127.0.0.1:5000 │ n/a                             │
└───────────┴────────────────┴─────────────────────────────────┘
  Emulator Hub running at 127.0.0.1:4400
  Other reserved ports: 4500

Issues? Report them at https://github.com/firebase/firebase-tools/issues and attach the *-debug.log files.
 
>>>>>>> 3fc5ef99990969e221910504ded479de5089e8f3
