[debug] [2023-11-22T07:19:05.888Z] ----------------------------------------------------------------------
[debug] [2023-11-22T07:19:05.894Z] Command:       C:\Program Files\nodejs\node.exe C:\Users\singh\AppData\Roaming\npm\node_modules\firebase-tools\lib\bin\firebase.js deploy
[debug] [2023-11-22T07:19:05.895Z] CLI Version:   12.9.1
[debug] [2023-11-22T07:19:05.897Z] Platform:      win32
[debug] [2023-11-22T07:19:05.897Z] Node Version:  v18.18.2
[debug] [2023-11-22T07:19:05.899Z] Time:          Wed Nov 22 2023 12:49:05 GMT+0530 (India Standard Time)
[debug] [2023-11-22T07:19:05.900Z] ----------------------------------------------------------------------
[debug] 
[debug] [2023-11-22T07:19:06.238Z] > command requires scopes: ["email","openid","https://www.googleapis.com/auth/cloudplatformprojects.readonly","https://www.googleapis.com/auth/firebase","https://www.googleapis.com/auth/cloud-platform"]
[debug] [2023-11-22T07:19:06.239Z] > authorizing via signed-in user (singhshashank875@gmail.com)
[debug] [2023-11-22T07:19:06.245Z] [iam] checking project fir-f4f2f for permissions ["cloudfunctions.functions.create","cloudfunctions.functions.delete","cloudfunctions.functions.get","cloudfunctions.functions.list","cloudfunctions.functions.update","cloudfunctions.operations.get","firebase.projects.get","firebasehosting.sites.update"]
[debug] [2023-11-22T07:19:06.253Z] >>> [apiv2][query] POST https://cloudresourcemanager.googleapis.com/v1/projects/fir-f4f2f:testIamPermissions [none]
[debug] [2023-11-22T07:19:06.254Z] >>> [apiv2][(partial)header] POST https://cloudresourcemanager.googleapis.com/v1/projects/fir-f4f2f:testIamPermissions x-goog-quota-user=projects/fir-f4f2f
[debug] [2023-11-22T07:19:06.255Z] >>> [apiv2][body] POST https://cloudresourcemanager.googleapis.com/v1/projects/fir-f4f2f:testIamPermissions {"permissions":["cloudfunctions.functions.create","cloudfunctions.functions.delete","cloudfunctions.functions.get","cloudfunctions.functions.list","cloudfunctions.functions.update","cloudfunctions.operations.get","firebase.projects.get","firebasehosting.sites.update"]}
[debug] [2023-11-22T07:19:07.966Z] <<< [apiv2][status] POST https://cloudresourcemanager.googleapis.com/v1/projects/fir-f4f2f:testIamPermissions 200
[debug] [2023-11-22T07:19:07.967Z] <<< [apiv2][body] POST https://cloudresourcemanager.googleapis.com/v1/projects/fir-f4f2f:testIamPermissions {"permissions":["cloudfunctions.functions.create","cloudfunctions.functions.delete","cloudfunctions.functions.get","cloudfunctions.functions.list","cloudfunctions.functions.update","cloudfunctions.operations.get","firebase.projects.get","firebasehosting.sites.update"]}
[debug] [2023-11-22T07:19:07.968Z] >>> [apiv2][query] POST https://iam.googleapis.com/v1/projects/fir-f4f2f/serviceAccounts/fir-f4f2f@appspot.gserviceaccount.com:testIamPermissions [none]
[debug] [2023-11-22T07:19:07.968Z] >>> [apiv2][body] POST https://iam.googleapis.com/v1/projects/fir-f4f2f/serviceAccounts/fir-f4f2f@appspot.gserviceaccount.com:testIamPermissions {"permissions":["iam.serviceAccounts.actAs"]}
[debug] [2023-11-22T07:19:09.783Z] <<< [apiv2][status] POST https://iam.googleapis.com/v1/projects/fir-f4f2f/serviceAccounts/fir-f4f2f@appspot.gserviceaccount.com:testIamPermissions 200
[debug] [2023-11-22T07:19:09.783Z] <<< [apiv2][body] POST https://iam.googleapis.com/v1/projects/fir-f4f2f/serviceAccounts/fir-f4f2f@appspot.gserviceaccount.com:testIamPermissions {"permissions":["iam.serviceAccounts.actAs"]}
[debug] [2023-11-22T07:19:09.785Z] >>> [apiv2][query] GET https://firebase.googleapis.com/v1beta1/projects/fir-f4f2f [none]
[debug] [2023-11-22T07:19:10.346Z] <<< [apiv2][status] GET https://firebase.googleapis.com/v1beta1/projects/fir-f4f2f 200
[debug] [2023-11-22T07:19:10.346Z] <<< [apiv2][body] GET https://firebase.googleapis.com/v1beta1/projects/fir-f4f2f {"projectId":"fir-f4f2f","projectNumber":"362720150222","displayName":"Amazon","name":"projects/fir-f4f2f","resources":{"hostingSite":"fir-f4f2f"},"state":"ACTIVE","etag":"1_fcc3ae73-a7fa-4a1c-878b-3afbff65b7ea"}
[info] 
[info] === Deploying to 'fir-f4f2f'...
[info] 
[info] i  deploying functions, hosting 
[info] Running command: npm --prefix "$RESOURCE_DIR" run lint
[info] +  functions: Finished running predeploy script. 
[debug] [2023-11-22T07:19:20.983Z] >>> [apiv2][query] GET https://firebase.googleapis.com/v1beta1/projects/fir-f4f2f [none]
[debug] [2023-11-22T07:19:21.545Z] <<< [apiv2][status] GET https://firebase.googleapis.com/v1beta1/projects/fir-f4f2f 200
[debug] [2023-11-22T07:19:21.545Z] <<< [apiv2][body] GET https://firebase.googleapis.com/v1beta1/projects/fir-f4f2f {"projectId":"fir-f4f2f","projectNumber":"362720150222","displayName":"Amazon","name":"projects/fir-f4f2f","resources":{"hostingSite":"fir-f4f2f"},"state":"ACTIVE","etag":"1_fcc3ae73-a7fa-4a1c-878b-3afbff65b7ea"}
[info] i  functions: preparing codebase default for deployment 
[info] i  functions: ensuring required API cloudfunctions.googleapis.com is enabled... 
[info] i  functions: ensuring required API cloudbuild.googleapis.com is enabled... 
[info] i  artifactregistry: ensuring required API artifactregistry.googleapis.com is enabled... 
[debug] [2023-11-22T07:19:21.551Z] >>> [apiv2][query] GET https://serviceusage.googleapis.com/v1/projects/fir-f4f2f/services/cloudfunctions.googleapis.com [none]
[debug] [2023-11-22T07:19:21.551Z] >>> [apiv2][(partial)header] GET https://serviceusage.googleapis.com/v1/projects/fir-f4f2f/services/cloudfunctions.googleapis.com x-goog-quota-user=projects/fir-f4f2f
[debug] [2023-11-22T07:19:21.553Z] >>> [apiv2][query] GET https://serviceusage.googleapis.com/v1/projects/fir-f4f2f/services/runtimeconfig.googleapis.com [none]
[debug] [2023-11-22T07:19:21.553Z] >>> [apiv2][(partial)header] GET https://serviceusage.googleapis.com/v1/projects/fir-f4f2f/services/runtimeconfig.googleapis.com x-goog-quota-user=projects/fir-f4f2f
[debug] [2023-11-22T07:19:21.555Z] >>> [apiv2][query] GET https://serviceusage.googleapis.com/v1/projects/fir-f4f2f/services/cloudbuild.googleapis.com [none]
[debug] [2023-11-22T07:19:21.555Z] >>> [apiv2][(partial)header] GET https://serviceusage.googleapis.com/v1/projects/fir-f4f2f/services/cloudbuild.googleapis.com x-goog-quota-user=projects/fir-f4f2f
[debug] [2023-11-22T07:19:21.556Z] >>> [apiv2][query] GET https://serviceusage.googleapis.com/v1/projects/fir-f4f2f/services/artifactregistry.googleapis.com [none]
[debug] [2023-11-22T07:19:21.556Z] >>> [apiv2][(partial)header] GET https://serviceusage.googleapis.com/v1/projects/fir-f4f2f/services/artifactregistry.googleapis.com x-goog-quota-user=projects/fir-f4f2f
[debug] [2023-11-22T07:19:23.573Z] <<< [apiv2][status] GET https://serviceusage.googleapis.com/v1/projects/fir-f4f2f/services/artifactregistry.googleapis.com 200
[debug] [2023-11-22T07:19:23.574Z] <<< [apiv2][body] GET https://serviceusage.googleapis.com/v1/projects/fir-f4f2f/services/artifactregistry.googleapis.com [omitted]
[info] +  artifactregistry: required API artifactregistry.googleapis.com is enabled 
[debug] [2023-11-22T07:19:23.598Z] <<< [apiv2][status] GET https://serviceusage.googleapis.com/v1/projects/fir-f4f2f/services/cloudbuild.googleapis.com 200
[debug] [2023-11-22T07:19:23.598Z] <<< [apiv2][body] GET https://serviceusage.googleapis.com/v1/projects/fir-f4f2f/services/cloudbuild.googleapis.com [omitted]
[info] +  functions: required API cloudbuild.googleapis.com is enabled 
[debug] [2023-11-22T07:19:23.661Z] <<< [apiv2][status] GET https://serviceusage.googleapis.com/v1/projects/fir-f4f2f/services/runtimeconfig.googleapis.com 200
[debug] [2023-11-22T07:19:23.661Z] <<< [apiv2][body] GET https://serviceusage.googleapis.com/v1/projects/fir-f4f2f/services/runtimeconfig.googleapis.com [omitted]
[debug] [2023-11-22T07:19:23.699Z] <<< [apiv2][status] GET https://serviceusage.googleapis.com/v1/projects/fir-f4f2f/services/cloudfunctions.googleapis.com 200
[debug] [2023-11-22T07:19:23.699Z] <<< [apiv2][body] GET https://serviceusage.googleapis.com/v1/projects/fir-f4f2f/services/cloudfunctions.googleapis.com [omitted]
[info] +  functions: required API cloudfunctions.googleapis.com is enabled 
[debug] [2023-11-22T07:19:23.701Z] >>> [apiv2][query] GET https://firebase.googleapis.com/v1beta1/projects/fir-f4f2f/adminSdkConfig [none]
[debug] [2023-11-22T07:19:24.215Z] <<< [apiv2][status] GET https://firebase.googleapis.com/v1beta1/projects/fir-f4f2f/adminSdkConfig 200
[debug] [2023-11-22T07:19:24.215Z] <<< [apiv2][body] GET https://firebase.googleapis.com/v1beta1/projects/fir-f4f2f/adminSdkConfig {"projectId":"fir-f4f2f","storageBucket":"fir-f4f2f.appspot.com"}
[debug] [2023-11-22T07:19:24.216Z] >>> [apiv2][query] GET https://runtimeconfig.googleapis.com/v1beta1/projects/fir-f4f2f/configs [none]
[debug] [2023-11-22T07:19:25.657Z] <<< [apiv2][status] GET https://runtimeconfig.googleapis.com/v1beta1/projects/fir-f4f2f/configs 200
[debug] [2023-11-22T07:19:25.657Z] <<< [apiv2][body] GET https://runtimeconfig.googleapis.com/v1beta1/projects/fir-f4f2f/configs {}
[debug] [2023-11-22T07:19:25.659Z] Validating nodejs source
[debug] [2023-11-22T07:19:28.420Z] > [functions] package.json contents: {
  "name": "functions",
  "description": "Cloud Functions for Firebase",
  "scripts": {
    "lint": "eslint .",
    "serve": "firebase emulators:start --only functions",
    "shell": "firebase functions:shell",
    "start": "npm run shell",
    "deploy": "firebase deploy --only functions",
    "logs": "firebase functions:log"
  },
  "engines": {
    "node": "18"
  },
  "main": "index.js",
  "dependencies": {
    "firebase-admin": "^11.8.0",
    "firebase-functions": "^4.3.1"
  },
  "devDependencies": {
    "@babel/plugin-proposal-private-property-in-object": "^7.21.11",
    "eslint": "^8.15.0",
    "eslint-config-google": "^0.14.0",
    "firebase-functions-test": "^3.1.0"
  },
  "private": true
}
[debug] [2023-11-22T07:19:28.420Z] Building nodejs source
[info] i  functions: Loading and analyzing source code for codebase default to determine what to deploy 
[debug] [2023-11-22T07:19:28.423Z] Could not find functions.yaml. Must use http discovery
[debug] [2023-11-22T07:19:28.448Z] Found firebase-functions binary at 'C:\FULL STACK DEV\ReactJS\amazon\functions\node_modules\.bin\firebase-functions'
[info] Serving at port 8747

[debug] [2023-11-22T07:19:29.620Z] Got response from /__/functions.yaml {"endpoints":{"api":{"platform":"gcfv1","availableMemoryMb":null,"timeoutSeconds":null,"minInstances":null,"maxInstances":null,"ingressSettings":null,"serviceAccountEmail":null,"vpc":null,"httpsTrigger":{},"entryPoint":"api"}},"specVersion":"v1alpha1","requiredAPIs":[]}
[info] i  functions: preparing functions directory for uploading... 
[info] i  functions: packaged C:\FULL STACK DEV\ReactJS\amazon\functions (75.8 KB) for uploading 
[debug] [2023-11-22T07:19:29.751Z] >>> [apiv2][query] GET https://cloudfunctions.googleapis.com/v1/projects/fir-f4f2f/locations/-/functions [none]
[debug] [2023-11-22T07:19:30.558Z] <<< [apiv2][status] GET https://cloudfunctions.googleapis.com/v1/projects/fir-f4f2f/locations/-/functions 200
[debug] [2023-11-22T07:19:30.558Z] <<< [apiv2][body] GET https://cloudfunctions.googleapis.com/v1/projects/fir-f4f2f/locations/-/functions {"functions":[{"name":"projects/fir-f4f2f/locations/us-central1/functions/api","httpsTrigger":{"url":"https://us-central1-fir-f4f2f.cloudfunctions.net/api","securityLevel":"SECURE_ALWAYS"},"status":"ACTIVE","entryPoint":"api","timeout":"60s","availableMemoryMb":256,"serviceAccountEmail":"fir-f4f2f@appspot.gserviceaccount.com","updateTime":"2023-11-22T05:58:46.568Z","versionId":"1","labels":{"deployment-tool":"cli-firebase","firebase-functions-hash":"bf25501a9443fa3ef98677131458ea54d88ac59b"},"sourceUploadUrl":"https://storage.googleapis.com/uploads-1069524713938.us-central1.cloudfunctions.appspot.com/4f35d308-615c-4db6-81ea-e5ba60fb7251.zip","environmentVariables":{"FIREBASE_CONFIG":"{\"projectId\":\"fir-f4f2f\",\"storageBucket\":\"fir-f4f2f.appspot.com\"}","GCLOUD_PROJECT":"fir-f4f2f","EVENTARC_CLOUD_EVENT_SOURCE":"projects/fir-f4f2f/locations/us-central1/functions/api"},"runtime":"nodejs18","ingressSettings":"ALLOW_ALL","buildId":"b7242358-1470-435b-94f9-57fa61fe9f04","buildEnvironmentVariables":{"GOOGLE_NODE_RUN_SCRIPTS":""},"buildName":"projects/362720150222/locations/us-central1/builds/b7242358-1470-435b-94f9-57fa61fe9f04","dockerRegistry":"ARTIFACT_REGISTRY"}]}
[debug] [2023-11-22T07:19:30.560Z] >>> [apiv2][query] GET https://cloudfunctions.googleapis.com/v2/projects/fir-f4f2f/locations/-/functions filter=environment%3D%22GEN_2%22
[debug] [2023-11-22T07:19:32.548Z] <<< [apiv2][status] GET https://cloudfunctions.googleapis.com/v2/projects/fir-f4f2f/locations/-/functions 200
[debug] [2023-11-22T07:19:32.548Z] <<< [apiv2][body] GET https://cloudfunctions.googleapis.com/v2/projects/fir-f4f2f/locations/-/functions {}
[debug] [2023-11-22T07:19:32.553Z] >>> [apiv2][query] GET https://firebase.googleapis.com/v1beta1/projects/fir-f4f2f [none]
[debug] [2023-11-22T07:19:33.057Z] <<< [apiv2][status] GET https://firebase.googleapis.com/v1beta1/projects/fir-f4f2f 200
[debug] [2023-11-22T07:19:33.057Z] <<< [apiv2][body] GET https://firebase.googleapis.com/v1beta1/projects/fir-f4f2f {"projectId":"fir-f4f2f","projectNumber":"362720150222","displayName":"Amazon","name":"projects/fir-f4f2f","resources":{"hostingSite":"fir-f4f2f"},"state":"ACTIVE","etag":"1_fcc3ae73-a7fa-4a1c-878b-3afbff65b7ea"}
[debug] [2023-11-22T07:19:33.063Z] >>> [apiv2][query] POST https://firebasehosting.googleapis.com/v1beta1/projects/-/sites/fir-f4f2f/versions [none]
[debug] [2023-11-22T07:19:33.063Z] >>> [apiv2][body] POST https://firebasehosting.googleapis.com/v1beta1/projects/-/sites/fir-f4f2f/versions {"status":"CREATED","labels":{"deployment-tool":"cli-firebase"}}
[debug] [2023-11-22T07:19:34.658Z] <<< [apiv2][status] POST https://firebasehosting.googleapis.com/v1beta1/projects/-/sites/fir-f4f2f/versions 200
[debug] [2023-11-22T07:19:34.658Z] <<< [apiv2][body] POST https://firebasehosting.googleapis.com/v1beta1/projects/-/sites/fir-f4f2f/versions {"name":"projects/362720150222/sites/fir-f4f2f/versions/59c2433d4fe58e1a","status":"CREATED","config":{},"labels":{"deployment-tool":"cli-firebase"}}
[debug] [2023-11-22T07:19:34.660Z] >>> [apiv2][query] POST https://cloudfunctions.googleapis.com/v1/projects/fir-f4f2f/locations/us-central1/functions:generateUploadUrl [none]
[debug] [2023-11-22T07:19:34.660Z] >>> [apiv2][body] POST https://cloudfunctions.googleapis.com/v1/projects/fir-f4f2f/locations/us-central1/functions:generateUploadUrl {}
[debug] [2023-11-22T07:19:35.491Z] <<< [apiv2][status] POST https://cloudfunctions.googleapis.com/v1/projects/fir-f4f2f/locations/us-central1/functions:generateUploadUrl 200
[debug] [2023-11-22T07:19:35.492Z] <<< [apiv2][body] POST https://cloudfunctions.googleapis.com/v1/projects/fir-f4f2f/locations/us-central1/functions:generateUploadUrl {"uploadUrl":"https://storage.googleapis.com/uploads-1069524713938.us-central1.cloudfunctions.appspot.com/0ac525d8-922e-423a-bbf3-a2b0a2e18cd0.zip?GoogleAccessId=service-362720150222@gcf-admin-robot.iam.gserviceaccount.com&Expires=1700639374&Signature=c4q94PetqyywuCOI%2FImQfY8jiTTdmHHPRKKgfZusJGMDCPHmd7rEpDVBbzPAqm2BKjK9toyg8NUE16C03rm%2BTzKHEb7pIR1rgCOhgBdeRFqqXXO3mtdVhjntIH9cVJyNt368ZSqzQNM8mTir%2FHpIitwj%2BrLIbzxvgJdmfqO68y0VQuH6IXVZMA2UhwFoHGetj1Ctrp%2B78rb8flnHSmSOZp%2BIogvDN4%2BTFESuzXAirqqyPK4P8h6YluOnjieKO0JV4W4sH7iE6e1sYIL5pJd%2BQo3qI6nHLWdeMPQidz%2FBFYjEdFO%2BEx%2BVYnl%2BnyRJ0d%2FGbstSJzAAW9AhAuottANhfw%3D%3D"}
[debug] [2023-11-22T07:19:35.493Z] >>> [apiv2][query] PUT https://storage.googleapis.com/uploads-1069524713938.us-central1.cloudfunctions.appspot.com/0ac525d8-922e-423a-bbf3-a2b0a2e18cd0.zip GoogleAccessId=service-362720150222%40gcf-admin-robot.iam.gserviceaccount.com&Expires=1700639374&Signature=c4q94PetqyywuCOI%2FImQfY8jiTTdmHHPRKKgfZusJGMDCPHmd7rEpDVBbzPAqm2BKjK9toyg8NUE16C03rm%2BTzKHEb7pIR1rgCOhgBdeRFqqXXO3mtdVhjntIH9cVJyNt368ZSqzQNM8mTir%2FHpIitwj%2BrLIbzxvgJdmfqO68y0VQuH6IXVZMA2UhwFoHGetj1Ctrp%2B78rb8flnHSmSOZp%2BIogvDN4%2BTFESuzXAirqqyPK4P8h6YluOnjieKO0JV4W4sH7iE6e1sYIL5pJd%2BQo3qI6nHLWdeMPQidz%2FBFYjEdFO%2BEx%2BVYnl%2BnyRJ0d%2FGbstSJzAAW9AhAuottANhfw%3D%3D
[debug] [2023-11-22T07:19:35.494Z] >>> [apiv2][body] PUT https://storage.googleapis.com/uploads-1069524713938.us-central1.cloudfunctions.appspot.com/0ac525d8-922e-423a-bbf3-a2b0a2e18cd0.zip [stream]
[debug] [2023-11-22T07:19:36.733Z] <<< [apiv2][status] PUT https://storage.googleapis.com/uploads-1069524713938.us-central1.cloudfunctions.appspot.com/0ac525d8-922e-423a-bbf3-a2b0a2e18cd0.zip 200
[debug] [2023-11-22T07:19:36.734Z] <<< [apiv2][body] PUT https://storage.googleapis.com/uploads-1069524713938.us-central1.cloudfunctions.appspot.com/0ac525d8-922e-423a-bbf3-a2b0a2e18cd0.zip [omitted]
[info] +  functions: functions folder uploaded successfully 
[info] i  hosting[fir-f4f2f]: beginning deploy... 
[info] i  hosting[fir-f4f2f]: found 13 files in build 
[debug] [2023-11-22T07:19:36.755Z] [hosting] uploading with 200 concurrency
[debug] [2023-11-22T07:19:38.020Z] [hosting] hash cache [YnVpbGQ] stored for 13 files
[debug] [2023-11-22T07:19:38.021Z] [hosting][hash queue][FINAL] {"max":1250,"min":3,"avg":109.92307692307692,"active":0,"complete":13,"success":13,"errored":0,"retried":0,"total":13,"elapsed":1260}
[debug] [2023-11-22T07:19:38.021Z] >>> [apiv2][query] POST https://firebasehosting.googleapis.com/v1beta1/projects/362720150222/sites/fir-f4f2f/versions/59c2433d4fe58e1a:populateFiles [none]
[debug] [2023-11-22T07:19:38.022Z] >>> [apiv2][body] POST https://firebasehosting.googleapis.com/v1beta1/projects/362720150222/sites/fir-f4f2f/versions/59c2433d4fe58e1a:populateFiles {"files":{"/favicon.ico":"4987041cb9ed9eeee5d23c0da1c31d8f43b5c7173283bfd6dd19dba734d68977","/logo192.png":"3ee59515172ee198f3be375979df15ac5345183e656720a381b8872b2a39dc8b","/logo512.png":"ee7e2f3fdb8209c4b6fd7bef6ba50d1b9dba30a25bb5c3126df057e1cb6f5331","/manifest.json":"654a9d12e372bc14a980c56c0a00cc4ca266be915351b03f3a1f1be878dbdc52","/robots.txt":"bfe106a3fb878dc83461c86818bf74fc1bdc7f28538ba613cd3e775516ce8b49","/images/flag.png":"33a3c1a430d4f926fea2880347db49feefc6c71c711bb2ff317f38830702435c","/asset-manifest.json":"e69135bfa6f2723b9b5586ad29f9505d23ff7febb109b0da27b2d277967ea4f3","/index.html":"b161cc774497352c81117494e9a4dd79c3c8f41be352d5b5cc92247b88ccd97d","/static/js/main.25d1ee5c.js.LICENSE.txt":"146a6cde2ffeaa3acfa5120646e6922d8f9fc84c08548f09b201e4c9fa49b49e","/static/css/main.9d691138.css.map":"9463793833f86de8ca6738dc80ac2a878c7f6c7206afe961c033af07029226fc","/static/css/main.9d691138.css":"6177c18ca27ccb86d276d426239edbc577ee8aefc7f8ad10449d483633cde512","/static/js/main.25d1ee5c.js":"11a68d697435b6da27e656ff379ed003f06d783712a0f5e773f697ab8e479462","/static/js/main.25d1ee5c.js.map":"4753efcc4785b993d3ef8dbee3b91754fe16316c65a9a3039a0f3bad789008d1"}}
[debug] [2023-11-22T07:19:39.254Z] <<< [apiv2][status] POST https://firebasehosting.googleapis.com/v1beta1/projects/362720150222/sites/fir-f4f2f/versions/59c2433d4fe58e1a:populateFiles 200
[debug] [2023-11-22T07:19:39.255Z] <<< [apiv2][body] POST https://firebasehosting.googleapis.com/v1beta1/projects/362720150222/sites/fir-f4f2f/versions/59c2433d4fe58e1a:populateFiles {"uploadRequiredHashes":["146a6cde2ffeaa3acfa5120646e6922d8f9fc84c08548f09b201e4c9fa49b49e","11a68d697435b6da27e656ff379ed003f06d783712a0f5e773f697ab8e479462","b161cc774497352c81117494e9a4dd79c3c8f41be352d5b5cc92247b88ccd97d","9463793833f86de8ca6738dc80ac2a878c7f6c7206afe961c033af07029226fc","6177c18ca27ccb86d276d426239edbc577ee8aefc7f8ad10449d483633cde512","e69135bfa6f2723b9b5586ad29f9505d23ff7febb109b0da27b2d277967ea4f3","4753efcc4785b993d3ef8dbee3b91754fe16316c65a9a3039a0f3bad789008d1"],"uploadUrl":"https://upload-firebasehosting.googleapis.com/upload/sites/fir-f4f2f/versions/59c2433d4fe58e1a/files"}
[debug] [2023-11-22T07:19:39.258Z] >>> [apiv2][query] POST https://upload-firebasehosting.googleapis.com/upload/sites/fir-f4f2f/versions/59c2433d4fe58e1a/files/146a6cde2ffeaa3acfa5120646e6922d8f9fc84c08548f09b201e4c9fa49b49e [none]
[debug] [2023-11-22T07:19:39.258Z] >>> [apiv2][body] POST https://upload-firebasehosting.googleapis.com/upload/sites/fir-f4f2f/versions/59c2433d4fe58e1a/files/146a6cde2ffeaa3acfa5120646e6922d8f9fc84c08548f09b201e4c9fa49b49e [stream]
[debug] [2023-11-22T07:19:39.261Z] >>> [apiv2][query] POST https://upload-firebasehosting.googleapis.com/upload/sites/fir-f4f2f/versions/59c2433d4fe58e1a/files/11a68d697435b6da27e656ff379ed003f06d783712a0f5e773f697ab8e479462 [none]
[debug] [2023-11-22T07:19:39.262Z] >>> [apiv2][body] POST https://upload-firebasehosting.googleapis.com/upload/sites/fir-f4f2f/versions/59c2433d4fe58e1a/files/11a68d697435b6da27e656ff379ed003f06d783712a0f5e773f697ab8e479462 [stream]
[debug] [2023-11-22T07:19:39.264Z] >>> [apiv2][query] POST https://upload-firebasehosting.googleapis.com/upload/sites/fir-f4f2f/versions/59c2433d4fe58e1a/files/b161cc774497352c81117494e9a4dd79c3c8f41be352d5b5cc92247b88ccd97d [none]
[debug] [2023-11-22T07:19:39.264Z] >>> [apiv2][body] POST https://upload-firebasehosting.googleapis.com/upload/sites/fir-f4f2f/versions/59c2433d4fe58e1a/files/b161cc774497352c81117494e9a4dd79c3c8f41be352d5b5cc92247b88ccd97d [stream]
[debug] [2023-11-22T07:19:39.267Z] >>> [apiv2][query] POST https://upload-firebasehosting.googleapis.com/upload/sites/fir-f4f2f/versions/59c2433d4fe58e1a/files/9463793833f86de8ca6738dc80ac2a878c7f6c7206afe961c033af07029226fc [none]
[debug] [2023-11-22T07:19:39.267Z] >>> [apiv2][body] POST https://upload-firebasehosting.googleapis.com/upload/sites/fir-f4f2f/versions/59c2433d4fe58e1a/files/9463793833f86de8ca6738dc80ac2a878c7f6c7206afe961c033af07029226fc [stream]
[debug] [2023-11-22T07:19:39.269Z] >>> [apiv2][query] POST https://upload-firebasehosting.googleapis.com/upload/sites/fir-f4f2f/versions/59c2433d4fe58e1a/files/6177c18ca27ccb86d276d426239edbc577ee8aefc7f8ad10449d483633cde512 [none]
[debug] [2023-11-22T07:19:39.269Z] >>> [apiv2][body] POST https://upload-firebasehosting.googleapis.com/upload/sites/fir-f4f2f/versions/59c2433d4fe58e1a/files/6177c18ca27ccb86d276d426239edbc577ee8aefc7f8ad10449d483633cde512 [stream]
[debug] [2023-11-22T07:19:39.271Z] >>> [apiv2][query] POST https://upload-firebasehosting.googleapis.com/upload/sites/fir-f4f2f/versions/59c2433d4fe58e1a/files/e69135bfa6f2723b9b5586ad29f9505d23ff7febb109b0da27b2d277967ea4f3 [none]
[debug] [2023-11-22T07:19:39.271Z] >>> [apiv2][body] POST https://upload-firebasehosting.googleapis.com/upload/sites/fir-f4f2f/versions/59c2433d4fe58e1a/files/e69135bfa6f2723b9b5586ad29f9505d23ff7febb109b0da27b2d277967ea4f3 [stream]
[debug] [2023-11-22T07:19:39.272Z] >>> [apiv2][query] POST https://upload-firebasehosting.googleapis.com/upload/sites/fir-f4f2f/versions/59c2433d4fe58e1a/files/4753efcc4785b993d3ef8dbee3b91754fe16316c65a9a3039a0f3bad789008d1 [none]
[debug] [2023-11-22T07:19:39.272Z] >>> [apiv2][body] POST https://upload-firebasehosting.googleapis.com/upload/sites/fir-f4f2f/versions/59c2433d4fe58e1a/files/4753efcc4785b993d3ef8dbee3b91754fe16316c65a9a3039a0f3bad789008d1 [stream]
[debug] [2023-11-22T07:19:39.275Z] [hosting][populate queue][FINAL] {"max":1240,"min":1240,"avg":1240,"active":0,"complete":1,"success":1,"errored":0,"retried":0,"total":1,"elapsed":1257}
[debug] [2023-11-22T07:19:39.275Z] [hosting] uploads queued: 7
[debug] [2023-11-22T07:19:40.798Z] <<< [apiv2][status] POST https://upload-firebasehosting.googleapis.com/upload/sites/fir-f4f2f/versions/59c2433d4fe58e1a/files/e69135bfa6f2723b9b5586ad29f9505d23ff7febb109b0da27b2d277967ea4f3 200
[debug] [2023-11-22T07:19:40.798Z] <<< [apiv2][body] POST https://upload-firebasehosting.googleapis.com/upload/sites/fir-f4f2f/versions/59c2433d4fe58e1a/files/e69135bfa6f2723b9b5586ad29f9505d23ff7febb109b0da27b2d277967ea4f3 [stream]
[debug] [2023-11-22T07:19:40.842Z] <<< [apiv2][status] POST https://upload-firebasehosting.googleapis.com/upload/sites/fir-f4f2f/versions/59c2433d4fe58e1a/files/9463793833f86de8ca6738dc80ac2a878c7f6c7206afe961c033af07029226fc 200
[debug] [2023-11-22T07:19:40.842Z] <<< [apiv2][body] POST https://upload-firebasehosting.googleapis.com/upload/sites/fir-f4f2f/versions/59c2433d4fe58e1a/files/9463793833f86de8ca6738dc80ac2a878c7f6c7206afe961c033af07029226fc [stream]
[debug] [2023-11-22T07:19:40.929Z] <<< [apiv2][status] POST https://upload-firebasehosting.googleapis.com/upload/sites/fir-f4f2f/versions/59c2433d4fe58e1a/files/11a68d697435b6da27e656ff379ed003f06d783712a0f5e773f697ab8e479462 200
[debug] [2023-11-22T07:19:40.930Z] <<< [apiv2][body] POST https://upload-firebasehosting.googleapis.com/upload/sites/fir-f4f2f/versions/59c2433d4fe58e1a/files/11a68d697435b6da27e656ff379ed003f06d783712a0f5e773f697ab8e479462 [stream]
[debug] [2023-11-22T07:19:40.932Z] <<< [apiv2][status] POST https://upload-firebasehosting.googleapis.com/upload/sites/fir-f4f2f/versions/59c2433d4fe58e1a/files/146a6cde2ffeaa3acfa5120646e6922d8f9fc84c08548f09b201e4c9fa49b49e 200
[debug] [2023-11-22T07:19:40.932Z] <<< [apiv2][body] POST https://upload-firebasehosting.googleapis.com/upload/sites/fir-f4f2f/versions/59c2433d4fe58e1a/files/146a6cde2ffeaa3acfa5120646e6922d8f9fc84c08548f09b201e4c9fa49b49e [stream]
[debug] [2023-11-22T07:19:41.445Z] <<< [apiv2][status] POST https://upload-firebasehosting.googleapis.com/upload/sites/fir-f4f2f/versions/59c2433d4fe58e1a/files/6177c18ca27ccb86d276d426239edbc577ee8aefc7f8ad10449d483633cde512 200
[debug] [2023-11-22T07:19:41.445Z] <<< [apiv2][body] POST https://upload-firebasehosting.googleapis.com/upload/sites/fir-f4f2f/versions/59c2433d4fe58e1a/files/6177c18ca27ccb86d276d426239edbc577ee8aefc7f8ad10449d483633cde512 [stream]
[debug] [2023-11-22T07:19:42.013Z] <<< [apiv2][status] POST https://upload-firebasehosting.googleapis.com/upload/sites/fir-f4f2f/versions/59c2433d4fe58e1a/files/b161cc774497352c81117494e9a4dd79c3c8f41be352d5b5cc92247b88ccd97d 200
[debug] [2023-11-22T07:19:42.013Z] <<< [apiv2][body] POST https://upload-firebasehosting.googleapis.com/upload/sites/fir-f4f2f/versions/59c2433d4fe58e1a/files/b161cc774497352c81117494e9a4dd79c3c8f41be352d5b5cc92247b88ccd97d [stream]
[debug] [2023-11-22T07:19:42.159Z] <<< [apiv2][status] POST https://upload-firebasehosting.googleapis.com/upload/sites/fir-f4f2f/versions/59c2433d4fe58e1a/files/4753efcc4785b993d3ef8dbee3b91754fe16316c65a9a3039a0f3bad789008d1 200
[debug] [2023-11-22T07:19:42.159Z] <<< [apiv2][body] POST https://upload-firebasehosting.googleapis.com/upload/sites/fir-f4f2f/versions/59c2433d4fe58e1a/files/4753efcc4785b993d3ef8dbee3b91754fe16316c65a9a3039a0f3bad789008d1 [stream]
[debug] [2023-11-22T07:19:42.159Z] [hosting][upload queue][FINAL] {"max":2901,"min":1541,"avg":2046.4285714285713,"active":0,"complete":7,"success":7,"errored":0,"retried":0,"total":7,"elapsed":2904}
[info] +  hosting[fir-f4f2f]: file upload complete 
[debug] [2023-11-22T07:19:42.162Z] [hosting] deploy completed after 5424ms
[info] i  functions: updating Node.js 18 (1st Gen) function api(us-central1)... 
[debug] [2023-11-22T07:19:42.169Z] >>> [apiv2][query] PATCH https://cloudfunctions.googleapis.com/v1/projects/fir-f4f2f/locations/us-central1/functions/api updateMask=name%2CsourceUploadUrl%2CentryPoint%2Cruntime%2CdockerRegistry%2Clabels%2ChttpsTrigger.securityLevel%2CminInstances%2CmaxInstances%2CingressSettings%2CenvironmentVariables%2CserviceAccountEmail%2CavailableMemoryMb%2Ctimeout%2CvpcConnector%2CvpcConnectorEgressSettings%2CsourceToken%2CbuildEnvironmentVariables
[debug] [2023-11-22T07:19:42.169Z] >>> [apiv2][body] PATCH https://cloudfunctions.googleapis.com/v1/projects/fir-f4f2f/locations/us-central1/functions/api {"name":"projects/fir-f4f2f/locations/us-central1/functions/api","sourceUploadUrl":"https://storage.googleapis.com/uploads-1069524713938.us-central1.cloudfunctions.appspot.com/0ac525d8-922e-423a-bbf3-a2b0a2e18cd0.zip?GoogleAccessId=service-362720150222@gcf-admin-robot.iam.gserviceaccount.com&Expires=1700639374&Signature=c4q94PetqyywuCOI%2FImQfY8jiTTdmHHPRKKgfZusJGMDCPHmd7rEpDVBbzPAqm2BKjK9toyg8NUE16C03rm%2BTzKHEb7pIR1rgCOhgBdeRFqqXXO3mtdVhjntIH9cVJyNt368ZSqzQNM8mTir%2FHpIitwj%2BrLIbzxvgJdmfqO68y0VQuH6IXVZMA2UhwFoHGetj1Ctrp%2B78rb8flnHSmSOZp%2BIogvDN4%2BTFESuzXAirqqyPK4P8h6YluOnjieKO0JV4W4sH7iE6e1sYIL5pJd%2BQo3qI6nHLWdeMPQidz%2FBFYjEdFO%2BEx%2BVYnl%2BnyRJ0d%2FGbstSJzAAW9AhAuottANhfw%3D%3D","entryPoint":"api","runtime":"nodejs18","dockerRegistry":"ARTIFACT_REGISTRY","labels":{"deployment-tool":"cli-firebase","firebase-functions-hash":"5589a7a53b28a9f04d1c83cdc9ae3b555101fbd9"},"httpsTrigger":{"securityLevel":"SECURE_ALWAYS"},"minInstances":null,"maxInstances":null,"ingressSettings":null,"environmentVariables":{"FIREBASE_CONFIG":"{\"projectId\":\"fir-f4f2f\",\"storageBucket\":\"fir-f4f2f.appspot.com\"}","GCLOUD_PROJECT":"fir-f4f2f","EVENTARC_CLOUD_EVENT_SOURCE":"projects/fir-f4f2f/locations/us-central1/functions/api"},"serviceAccountEmail":null,"availableMemoryMb":null,"timeout":null,"vpcConnector":null,"vpcConnectorEgressSettings":null,"buildEnvironmentVariables":{"GOOGLE_NODE_RUN_SCRIPTS":""}}
[debug] [2023-11-22T07:19:42.964Z] <<< [apiv2][status] PATCH https://cloudfunctions.googleapis.com/v1/projects/fir-f4f2f/locations/us-central1/functions/api 200
[debug] [2023-11-22T07:19:42.964Z] <<< [apiv2][body] PATCH https://cloudfunctions.googleapis.com/v1/projects/fir-f4f2f/locations/us-central1/functions/api {"name":"operations/ZmlyLWY0ZjJmL3VzLWNlbnRyYWwxL2FwaS9YckhIMDRVcENsYw","metadata":{"@type":"type.googleapis.com/google.cloud.functions.v1.OperationMetadataV1","target":"projects/fir-f4f2f/locations/us-central1/functions/api","type":"UPDATE_FUNCTION","request":{"@type":"type.googleapis.com/google.cloud.functions.v1.CloudFunction","name":"projects/fir-f4f2f/locations/us-central1/functions/api","httpsTrigger":{"url":"https://us-central1-fir-f4f2f.cloudfunctions.net/api","securityLevel":"SECURE_ALWAYS"},"status":"ACTIVE","entryPoint":"api","updateTime":"2023-11-22T05:58:46.568Z","versionId":"1","labels":{"deployment-tool":"cli-firebase","firebase-functions-hash":"5589a7a53b28a9f04d1c83cdc9ae3b555101fbd9"},"sourceUploadUrl":"https://storage.googleapis.com/uploads-1069524713938.us-central1.cloudfunctions.appspot.com/0ac525d8-922e-423a-bbf3-a2b0a2e18cd0.zip?GoogleAccessId=service-362720150222@gcf-admin-robot.iam.gserviceaccount.com&Expires=1700639374&Signature=c4q94PetqyywuCOI%2FImQfY8jiTTdmHHPRKKgfZusJGMDCPHmd7rEpDVBbzPAqm2BKjK9toyg8NUE16C03rm%2BTzKHEb7pIR1rgCOhgBdeRFqqXXO3mtdVhjntIH9cVJyNt368ZSqzQNM8mTir%2FHpIitwj%2BrLIbzxvgJdmfqO68y0VQuH6IXVZMA2UhwFoHGetj1Ctrp%2B78rb8flnHSmSOZp%2BIogvDN4%2BTFESuzXAirqqyPK4P8h6YluOnjieKO0JV4W4sH7iE6e1sYIL5pJd%2BQo3qI6nHLWdeMPQidz%2FBFYjEdFO%2BEx%2BVYnl%2BnyRJ0d%2FGbstSJzAAW9AhAuottANhfw%3D%3D","environmentVariables":{"FIREBASE_CONFIG":"{\"projectId\":\"fir-f4f2f\",\"storageBucket\":\"fir-f4f2f.appspot.com\"}","GCLOUD_PROJECT":"fir-f4f2f","EVENTARC_CLOUD_EVENT_SOURCE":"projects/fir-f4f2f/locations/us-central1/functions/api"},"runtime":"nodejs18","buildId":"b7242358-1470-435b-94f9-57fa61fe9f04","buildEnvironmentVariables":{"GOOGLE_NODE_RUN_SCRIPTS":""},"buildName":"projects/362720150222/locations/us-central1/builds/b7242358-1470-435b-94f9-57fa61fe9f04","dockerRegistry":"ARTIFACT_REGISTRY"},"versionId":"2","updateTime":"2023-11-22T07:19:41Z"}}
[debug] [2023-11-22T07:19:42.966Z] >>> [apiv2][query] GET https://cloudfunctions.googleapis.com/v1/operations/ZmlyLWY0ZjJmL3VzLWNlbnRyYWwxL2FwaS9YckhIMDRVcENsYw [none]
[debug] [2023-11-22T07:19:43.459Z] <<< [apiv2][status] GET https://cloudfunctions.googleapis.com/v1/operations/ZmlyLWY0ZjJmL3VzLWNlbnRyYWwxL2FwaS9YckhIMDRVcENsYw 200
[debug] [2023-11-22T07:19:43.459Z] <<< [apiv2][body] GET https://cloudfunctions.googleapis.com/v1/operations/ZmlyLWY0ZjJmL3VzLWNlbnRyYWwxL2FwaS9YckhIMDRVcENsYw {"name":"operations/ZmlyLWY0ZjJmL3VzLWNlbnRyYWwxL2FwaS9YckhIMDRVcENsYw","metadata":{"@type":"type.googleapis.com/google.cloud.functions.v1.OperationMetadataV1","target":"projects/fir-f4f2f/locations/us-central1/functions/api","type":"UPDATE_FUNCTION","request":{"@type":"type.googleapis.com/google.cloud.functions.v1.CloudFunction","name":"projects/fir-f4f2f/locations/us-central1/functions/api","httpsTrigger":{"url":"https://us-central1-fir-f4f2f.cloudfunctions.net/api","securityLevel":"SECURE_ALWAYS"},"status":"ACTIVE","entryPoint":"api","updateTime":"2023-11-22T05:58:46.568Z","versionId":"1","labels":{"deployment-tool":"cli-firebase","firebase-functions-hash":"5589a7a53b28a9f04d1c83cdc9ae3b555101fbd9"},"sourceUploadUrl":"https://storage.googleapis.com/uploads-1069524713938.us-central1.cloudfunctions.appspot.com/0ac525d8-922e-423a-bbf3-a2b0a2e18cd0.zip?GoogleAccessId=service-362720150222@gcf-admin-robot.iam.gserviceaccount.com&Expires=1700639374&Signature=c4q94PetqyywuCOI%2FImQfY8jiTTdmHHPRKKgfZusJGMDCPHmd7rEpDVBbzPAqm2BKjK9toyg8NUE16C03rm%2BTzKHEb7pIR1rgCOhgBdeRFqqXXO3mtdVhjntIH9cVJyNt368ZSqzQNM8mTir%2FHpIitwj%2BrLIbzxvgJdmfqO68y0VQuH6IXVZMA2UhwFoHGetj1Ctrp%2B78rb8flnHSmSOZp%2BIogvDN4%2BTFESuzXAirqqyPK4P8h6YluOnjieKO0JV4W4sH7iE6e1sYIL5pJd%2BQo3qI6nHLWdeMPQidz%2FBFYjEdFO%2BEx%2BVYnl%2BnyRJ0d%2FGbstSJzAAW9AhAuottANhfw%3D%3D","environmentVariables":{"FIREBASE_CONFIG":"{\"projectId\":\"fir-f4f2f\",\"storageBucket\":\"fir-f4f2f.appspot.com\"}","GCLOUD_PROJECT":"fir-f4f2f","EVENTARC_CLOUD_EVENT_SOURCE":"projects/fir-f4f2f/locations/us-central1/functions/api"},"runtime":"nodejs18","buildId":"b7242358-1470-435b-94f9-57fa61fe9f04","buildEnvironmentVariables":{"GOOGLE_NODE_RUN_SCRIPTS":""},"buildName":"projects/362720150222/locations/us-central1/builds/b7242358-1470-435b-94f9-57fa61fe9f04","dockerRegistry":"ARTIFACT_REGISTRY"},"versionId":"2","updateTime":"2023-11-22T07:19:41Z"}}
[debug] [2023-11-22T07:19:43.972Z] [update-default-us-central1-api] Retrying task index 0
[debug] [2023-11-22T07:19:43.972Z] >>> [apiv2][query] GET https://cloudfunctions.googleapis.com/v1/operations/ZmlyLWY0ZjJmL3VzLWNlbnRyYWwxL2FwaS9YckhIMDRVcENsYw [none]
[debug] [2023-11-22T07:19:44.476Z] <<< [apiv2][status] GET https://cloudfunctions.googleapis.com/v1/operations/ZmlyLWY0ZjJmL3VzLWNlbnRyYWwxL2FwaS9YckhIMDRVcENsYw 200
[debug] [2023-11-22T07:19:44.477Z] <<< [apiv2][body] GET https://cloudfunctions.googleapis.com/v1/operations/ZmlyLWY0ZjJmL3VzLWNlbnRyYWwxL2FwaS9YckhIMDRVcENsYw {"name":"operations/ZmlyLWY0ZjJmL3VzLWNlbnRyYWwxL2FwaS9YckhIMDRVcENsYw","metadata":{"@type":"type.googleapis.com/google.cloud.functions.v1.OperationMetadataV1","target":"projects/fir-f4f2f/locations/us-central1/functions/api","type":"UPDATE_FUNCTION","request":{"@type":"type.googleapis.com/google.cloud.functions.v1.CloudFunction","name":"projects/fir-f4f2f/locations/us-central1/functions/api","httpsTrigger":{"url":"https://us-central1-fir-f4f2f.cloudfunctions.net/api","securityLevel":"SECURE_ALWAYS"},"status":"ACTIVE","entryPoint":"api","updateTime":"2023-11-22T05:58:46.568Z","versionId":"1","labels":{"deployment-tool":"cli-firebase","firebase-functions-hash":"5589a7a53b28a9f04d1c83cdc9ae3b555101fbd9"},"sourceUploadUrl":"https://storage.googleapis.com/uploads-1069524713938.us-central1.cloudfunctions.appspot.com/0ac525d8-922e-423a-bbf3-a2b0a2e18cd0.zip?GoogleAccessId=service-362720150222@gcf-admin-robot.iam.gserviceaccount.com&Expires=1700639374&Signature=c4q94PetqyywuCOI%2FImQfY8jiTTdmHHPRKKgfZusJGMDCPHmd7rEpDVBbzPAqm2BKjK9toyg8NUE16C03rm%2BTzKHEb7pIR1rgCOhgBdeRFqqXXO3mtdVhjntIH9cVJyNt368ZSqzQNM8mTir%2FHpIitwj%2BrLIbzxvgJdmfqO68y0VQuH6IXVZMA2UhwFoHGetj1Ctrp%2B78rb8flnHSmSOZp%2BIogvDN4%2BTFESuzXAirqqyPK4P8h6YluOnjieKO0JV4W4sH7iE6e1sYIL5pJd%2BQo3qI6nHLWdeMPQidz%2FBFYjEdFO%2BEx%2BVYnl%2BnyRJ0d%2FGbstSJzAAW9AhAuottANhfw%3D%3D","environmentVariables":{"FIREBASE_CONFIG":"{\"projectId\":\"fir-f4f2f\",\"storageBucket\":\"fir-f4f2f.appspot.com\"}","GCLOUD_PROJECT":"fir-f4f2f","EVENTARC_CLOUD_EVENT_SOURCE":"projects/fir-f4f2f/locations/us-central1/functions/api"},"runtime":"nodejs18","buildId":"b7242358-1470-435b-94f9-57fa61fe9f04","buildEnvironmentVariables":{"GOOGLE_NODE_RUN_SCRIPTS":""},"buildName":"projects/362720150222/locations/us-central1/builds/b7242358-1470-435b-94f9-57fa61fe9f04","dockerRegistry":"ARTIFACT_REGISTRY"},"versionId":"2","updateTime":"2023-11-22T07:19:41Z","buildId":"c0285fe4-6018-4261-8f7e-277b709030da","buildName":"projects/362720150222/locations/us-central1/builds/c0285fe4-6018-4261-8f7e-277b709030da"}}
[debug] [2023-11-22T07:19:45.492Z] [update-default-us-central1-api] Retrying task index 0
[debug] [2023-11-22T07:19:45.494Z] >>> [apiv2][query] GET https://cloudfunctions.googleapis.com/v1/operations/ZmlyLWY0ZjJmL3VzLWNlbnRyYWwxL2FwaS9YckhIMDRVcENsYw [none]
[debug] [2023-11-22T07:19:45.983Z] <<< [apiv2][status] GET https://cloudfunctions.googleapis.com/v1/operations/ZmlyLWY0ZjJmL3VzLWNlbnRyYWwxL2FwaS9YckhIMDRVcENsYw 200
[debug] [2023-11-22T07:19:45.983Z] <<< [apiv2][body] GET https://cloudfunctions.googleapis.com/v1/operations/ZmlyLWY0ZjJmL3VzLWNlbnRyYWwxL2FwaS9YckhIMDRVcENsYw {"name":"operations/ZmlyLWY0ZjJmL3VzLWNlbnRyYWwxL2FwaS9YckhIMDRVcENsYw","metadata":{"@type":"type.googleapis.com/google.cloud.functions.v1.OperationMetadataV1","target":"projects/fir-f4f2f/locations/us-central1/functions/api","type":"UPDATE_FUNCTION","request":{"@type":"type.googleapis.com/google.cloud.functions.v1.CloudFunction","name":"projects/fir-f4f2f/locations/us-central1/functions/api","httpsTrigger":{"url":"https://us-central1-fir-f4f2f.cloudfunctions.net/api","securityLevel":"SECURE_ALWAYS"},"status":"ACTIVE","entryPoint":"api","updateTime":"2023-11-22T05:58:46.568Z","versionId":"1","labels":{"deployment-tool":"cli-firebase","firebase-functions-hash":"5589a7a53b28a9f04d1c83cdc9ae3b555101fbd9"},"sourceUploadUrl":"https://storage.googleapis.com/uploads-1069524713938.us-central1.cloudfunctions.appspot.com/0ac525d8-922e-423a-bbf3-a2b0a2e18cd0.zip?GoogleAccessId=service-362720150222@gcf-admin-robot.iam.gserviceaccount.com&Expires=1700639374&Signature=c4q94PetqyywuCOI%2FImQfY8jiTTdmHHPRKKgfZusJGMDCPHmd7rEpDVBbzPAqm2BKjK9toyg8NUE16C03rm%2BTzKHEb7pIR1rgCOhgBdeRFqqXXO3mtdVhjntIH9cVJyNt368ZSqzQNM8mTir%2FHpIitwj%2BrLIbzxvgJdmfqO68y0VQuH6IXVZMA2UhwFoHGetj1Ctrp%2B78rb8flnHSmSOZp%2BIogvDN4%2BTFESuzXAirqqyPK4P8h6YluOnjieKO0JV4W4sH7iE6e1sYIL5pJd%2BQo3qI6nHLWdeMPQidz%2FBFYjEdFO%2BEx%2BVYnl%2BnyRJ0d%2FGbstSJzAAW9AhAuottANhfw%3D%3D","environmentVariables":{"FIREBASE_CONFIG":"{\"projectId\":\"fir-f4f2f\",\"storageBucket\":\"fir-f4f2f.appspot.com\"}","GCLOUD_PROJECT":"fir-f4f2f","EVENTARC_CLOUD_EVENT_SOURCE":"projects/fir-f4f2f/locations/us-central1/functions/api"},"runtime":"nodejs18","buildId":"b7242358-1470-435b-94f9-57fa61fe9f04","buildEnvironmentVariables":{"GOOGLE_NODE_RUN_SCRIPTS":""},"buildName":"projects/362720150222/locations/us-central1/builds/b7242358-1470-435b-94f9-57fa61fe9f04","dockerRegistry":"ARTIFACT_REGISTRY"},"versionId":"2","updateTime":"2023-11-22T07:19:41Z","buildId":"c0285fe4-6018-4261-8f7e-277b709030da","buildName":"projects/362720150222/locations/us-central1/builds/c0285fe4-6018-4261-8f7e-277b709030da"}}
[debug] [2023-11-22T07:19:47.986Z] [update-default-us-central1-api] Retrying task index 0
[debug] [2023-11-22T07:19:47.986Z] >>> [apiv2][query] GET https://cloudfunctions.googleapis.com/v1/operations/ZmlyLWY0ZjJmL3VzLWNlbnRyYWwxL2FwaS9YckhIMDRVcENsYw [none]
[debug] [2023-11-22T07:19:48.546Z] <<< [apiv2][status] GET https://cloudfunctions.googleapis.com/v1/operations/ZmlyLWY0ZjJmL3VzLWNlbnRyYWwxL2FwaS9YckhIMDRVcENsYw 200
[debug] [2023-11-22T07:19:48.547Z] <<< [apiv2][body] GET https://cloudfunctions.googleapis.com/v1/operations/ZmlyLWY0ZjJmL3VzLWNlbnRyYWwxL2FwaS9YckhIMDRVcENsYw {"name":"operations/ZmlyLWY0ZjJmL3VzLWNlbnRyYWwxL2FwaS9YckhIMDRVcENsYw","metadata":{"@type":"type.googleapis.com/google.cloud.functions.v1.OperationMetadataV1","target":"projects/fir-f4f2f/locations/us-central1/functions/api","type":"UPDATE_FUNCTION","request":{"@type":"type.googleapis.com/google.cloud.functions.v1.CloudFunction","name":"projects/fir-f4f2f/locations/us-central1/functions/api","httpsTrigger":{"url":"https://us-central1-fir-f4f2f.cloudfunctions.net/api","securityLevel":"SECURE_ALWAYS"},"status":"ACTIVE","entryPoint":"api","updateTime":"2023-11-22T05:58:46.568Z","versionId":"1","labels":{"deployment-tool":"cli-firebase","firebase-functions-hash":"5589a7a53b28a9f04d1c83cdc9ae3b555101fbd9"},"sourceUploadUrl":"https://storage.googleapis.com/uploads-1069524713938.us-central1.cloudfunctions.appspot.com/0ac525d8-922e-423a-bbf3-a2b0a2e18cd0.zip?GoogleAccessId=service-362720150222@gcf-admin-robot.iam.gserviceaccount.com&Expires=1700639374&Signature=c4q94PetqyywuCOI%2FImQfY8jiTTdmHHPRKKgfZusJGMDCPHmd7rEpDVBbzPAqm2BKjK9toyg8NUE16C03rm%2BTzKHEb7pIR1rgCOhgBdeRFqqXXO3mtdVhjntIH9cVJyNt368ZSqzQNM8mTir%2FHpIitwj%2BrLIbzxvgJdmfqO68y0VQuH6IXVZMA2UhwFoHGetj1Ctrp%2B78rb8flnHSmSOZp%2BIogvDN4%2BTFESuzXAirqqyPK4P8h6YluOnjieKO0JV4W4sH7iE6e1sYIL5pJd%2BQo3qI6nHLWdeMPQidz%2FBFYjEdFO%2BEx%2BVYnl%2BnyRJ0d%2FGbstSJzAAW9AhAuottANhfw%3D%3D","environmentVariables":{"FIREBASE_CONFIG":"{\"projectId\":\"fir-f4f2f\",\"storageBucket\":\"fir-f4f2f.appspot.com\"}","GCLOUD_PROJECT":"fir-f4f2f","EVENTARC_CLOUD_EVENT_SOURCE":"projects/fir-f4f2f/locations/us-central1/functions/api"},"runtime":"nodejs18","buildId":"b7242358-1470-435b-94f9-57fa61fe9f04","buildEnvironmentVariables":{"GOOGLE_NODE_RUN_SCRIPTS":""},"buildName":"projects/362720150222/locations/us-central1/builds/b7242358-1470-435b-94f9-57fa61fe9f04","dockerRegistry":"ARTIFACT_REGISTRY"},"versionId":"2","updateTime":"2023-11-22T07:19:41Z","buildId":"c0285fe4-6018-4261-8f7e-277b709030da","buildName":"projects/362720150222/locations/us-central1/builds/c0285fe4-6018-4261-8f7e-277b709030da"}}
[debug] [2023-11-22T07:19:52.549Z] [update-default-us-central1-api] Retrying task index 0
[debug] [2023-11-22T07:19:52.549Z] >>> [apiv2][query] GET https://cloudfunctions.googleapis.com/v1/operations/ZmlyLWY0ZjJmL3VzLWNlbnRyYWwxL2FwaS9YckhIMDRVcENsYw [none]
[debug] [2023-11-22T07:19:53.038Z] <<< [apiv2][status] GET https://cloudfunctions.googleapis.com/v1/operations/ZmlyLWY0ZjJmL3VzLWNlbnRyYWwxL2FwaS9YckhIMDRVcENsYw 200
[debug] [2023-11-22T07:19:53.038Z] <<< [apiv2][body] GET https://cloudfunctions.googleapis.com/v1/operations/ZmlyLWY0ZjJmL3VzLWNlbnRyYWwxL2FwaS9YckhIMDRVcENsYw {"name":"operations/ZmlyLWY0ZjJmL3VzLWNlbnRyYWwxL2FwaS9YckhIMDRVcENsYw","metadata":{"@type":"type.googleapis.com/google.cloud.functions.v1.OperationMetadataV1","target":"projects/fir-f4f2f/locations/us-central1/functions/api","type":"UPDATE_FUNCTION","request":{"@type":"type.googleapis.com/google.cloud.functions.v1.CloudFunction","name":"projects/fir-f4f2f/locations/us-central1/functions/api","httpsTrigger":{"url":"https://us-central1-fir-f4f2f.cloudfunctions.net/api","securityLevel":"SECURE_ALWAYS"},"status":"ACTIVE","entryPoint":"api","updateTime":"2023-11-22T05:58:46.568Z","versionId":"1","labels":{"deployment-tool":"cli-firebase","firebase-functions-hash":"5589a7a53b28a9f04d1c83cdc9ae3b555101fbd9"},"sourceUploadUrl":"https://storage.googleapis.com/uploads-1069524713938.us-central1.cloudfunctions.appspot.com/0ac525d8-922e-423a-bbf3-a2b0a2e18cd0.zip?GoogleAccessId=service-362720150222@gcf-admin-robot.iam.gserviceaccount.com&Expires=1700639374&Signature=c4q94PetqyywuCOI%2FImQfY8jiTTdmHHPRKKgfZusJGMDCPHmd7rEpDVBbzPAqm2BKjK9toyg8NUE16C03rm%2BTzKHEb7pIR1rgCOhgBdeRFqqXXO3mtdVhjntIH9cVJyNt368ZSqzQNM8mTir%2FHpIitwj%2BrLIbzxvgJdmfqO68y0VQuH6IXVZMA2UhwFoHGetj1Ctrp%2B78rb8flnHSmSOZp%2BIogvDN4%2BTFESuzXAirqqyPK4P8h6YluOnjieKO0JV4W4sH7iE6e1sYIL5pJd%2BQo3qI6nHLWdeMPQidz%2FBFYjEdFO%2BEx%2BVYnl%2BnyRJ0d%2FGbstSJzAAW9AhAuottANhfw%3D%3D","environmentVariables":{"FIREBASE_CONFIG":"{\"projectId\":\"fir-f4f2f\",\"storageBucket\":\"fir-f4f2f.appspot.com\"}","GCLOUD_PROJECT":"fir-f4f2f","EVENTARC_CLOUD_EVENT_SOURCE":"projects/fir-f4f2f/locations/us-central1/functions/api"},"runtime":"nodejs18","buildId":"b7242358-1470-435b-94f9-57fa61fe9f04","buildEnvironmentVariables":{"GOOGLE_NODE_RUN_SCRIPTS":""},"buildName":"projects/362720150222/locations/us-central1/builds/b7242358-1470-435b-94f9-57fa61fe9f04","dockerRegistry":"ARTIFACT_REGISTRY"},"versionId":"2","updateTime":"2023-11-22T07:19:41Z","buildId":"c0285fe4-6018-4261-8f7e-277b709030da","buildName":"projects/362720150222/locations/us-central1/builds/c0285fe4-6018-4261-8f7e-277b709030da"}}
[debug] [2023-11-22T07:20:01.049Z] [update-default-us-central1-api] Retrying task index 0
[debug] [2023-11-22T07:20:01.049Z] >>> [apiv2][query] GET https://cloudfunctions.googleapis.com/v1/operations/ZmlyLWY0ZjJmL3VzLWNlbnRyYWwxL2FwaS9YckhIMDRVcENsYw [none]
[debug] [2023-11-22T07:20:01.513Z] <<< [apiv2][status] GET https://cloudfunctions.googleapis.com/v1/operations/ZmlyLWY0ZjJmL3VzLWNlbnRyYWwxL2FwaS9YckhIMDRVcENsYw 200
[debug] [2023-11-22T07:20:01.513Z] <<< [apiv2][body] GET https://cloudfunctions.googleapis.com/v1/operations/ZmlyLWY0ZjJmL3VzLWNlbnRyYWwxL2FwaS9YckhIMDRVcENsYw {"name":"operations/ZmlyLWY0ZjJmL3VzLWNlbnRyYWwxL2FwaS9YckhIMDRVcENsYw","metadata":{"@type":"type.googleapis.com/google.cloud.functions.v1.OperationMetadataV1","target":"projects/fir-f4f2f/locations/us-central1/functions/api","type":"UPDATE_FUNCTION","request":{"@type":"type.googleapis.com/google.cloud.functions.v1.CloudFunction","name":"projects/fir-f4f2f/locations/us-central1/functions/api","httpsTrigger":{"url":"https://us-central1-fir-f4f2f.cloudfunctions.net/api","securityLevel":"SECURE_ALWAYS"},"status":"ACTIVE","entryPoint":"api","updateTime":"2023-11-22T05:58:46.568Z","versionId":"1","labels":{"deployment-tool":"cli-firebase","firebase-functions-hash":"5589a7a53b28a9f04d1c83cdc9ae3b555101fbd9"},"sourceUploadUrl":"https://storage.googleapis.com/uploads-1069524713938.us-central1.cloudfunctions.appspot.com/0ac525d8-922e-423a-bbf3-a2b0a2e18cd0.zip?GoogleAccessId=service-362720150222@gcf-admin-robot.iam.gserviceaccount.com&Expires=1700639374&Signature=c4q94PetqyywuCOI%2FImQfY8jiTTdmHHPRKKgfZusJGMDCPHmd7rEpDVBbzPAqm2BKjK9toyg8NUE16C03rm%2BTzKHEb7pIR1rgCOhgBdeRFqqXXO3mtdVhjntIH9cVJyNt368ZSqzQNM8mTir%2FHpIitwj%2BrLIbzxvgJdmfqO68y0VQuH6IXVZMA2UhwFoHGetj1Ctrp%2B78rb8flnHSmSOZp%2BIogvDN4%2BTFESuzXAirqqyPK4P8h6YluOnjieKO0JV4W4sH7iE6e1sYIL5pJd%2BQo3qI6nHLWdeMPQidz%2FBFYjEdFO%2BEx%2BVYnl%2BnyRJ0d%2FGbstSJzAAW9AhAuottANhfw%3D%3D","environmentVariables":{"FIREBASE_CONFIG":"{\"projectId\":\"fir-f4f2f\",\"storageBucket\":\"fir-f4f2f.appspot.com\"}","GCLOUD_PROJECT":"fir-f4f2f","EVENTARC_CLOUD_EVENT_SOURCE":"projects/fir-f4f2f/locations/us-central1/functions/api"},"runtime":"nodejs18","buildId":"b7242358-1470-435b-94f9-57fa61fe9f04","buildEnvironmentVariables":{"GOOGLE_NODE_RUN_SCRIPTS":""},"buildName":"projects/362720150222/locations/us-central1/builds/b7242358-1470-435b-94f9-57fa61fe9f04","dockerRegistry":"ARTIFACT_REGISTRY"},"versionId":"2","updateTime":"2023-11-22T07:19:41Z","buildId":"c0285fe4-6018-4261-8f7e-277b709030da","buildName":"projects/362720150222/locations/us-central1/builds/c0285fe4-6018-4261-8f7e-277b709030da"}}
[debug] [2023-11-22T07:20:11.523Z] [update-default-us-central1-api] Retrying task index 0
[debug] [2023-11-22T07:20:11.524Z] >>> [apiv2][query] GET https://cloudfunctions.googleapis.com/v1/operations/ZmlyLWY0ZjJmL3VzLWNlbnRyYWwxL2FwaS9YckhIMDRVcENsYw [none]
[debug] [2023-11-22T07:20:12.032Z] <<< [apiv2][status] GET https://cloudfunctions.googleapis.com/v1/operations/ZmlyLWY0ZjJmL3VzLWNlbnRyYWwxL2FwaS9YckhIMDRVcENsYw 200
[debug] [2023-11-22T07:20:12.032Z] <<< [apiv2][body] GET https://cloudfunctions.googleapis.com/v1/operations/ZmlyLWY0ZjJmL3VzLWNlbnRyYWwxL2FwaS9YckhIMDRVcENsYw {"name":"operations/ZmlyLWY0ZjJmL3VzLWNlbnRyYWwxL2FwaS9YckhIMDRVcENsYw","metadata":{"@type":"type.googleapis.com/google.cloud.functions.v1.OperationMetadataV1","target":"projects/fir-f4f2f/locations/us-central1/functions/api","type":"UPDATE_FUNCTION","request":{"@type":"type.googleapis.com/google.cloud.functions.v1.CloudFunction","name":"projects/fir-f4f2f/locations/us-central1/functions/api","httpsTrigger":{"url":"https://us-central1-fir-f4f2f.cloudfunctions.net/api","securityLevel":"SECURE_ALWAYS"},"status":"ACTIVE","entryPoint":"api","updateTime":"2023-11-22T05:58:46.568Z","versionId":"1","labels":{"deployment-tool":"cli-firebase","firebase-functions-hash":"5589a7a53b28a9f04d1c83cdc9ae3b555101fbd9"},"sourceUploadUrl":"https://storage.googleapis.com/uploads-1069524713938.us-central1.cloudfunctions.appspot.com/0ac525d8-922e-423a-bbf3-a2b0a2e18cd0.zip?GoogleAccessId=service-362720150222@gcf-admin-robot.iam.gserviceaccount.com&Expires=1700639374&Signature=c4q94PetqyywuCOI%2FImQfY8jiTTdmHHPRKKgfZusJGMDCPHmd7rEpDVBbzPAqm2BKjK9toyg8NUE16C03rm%2BTzKHEb7pIR1rgCOhgBdeRFqqXXO3mtdVhjntIH9cVJyNt368ZSqzQNM8mTir%2FHpIitwj%2BrLIbzxvgJdmfqO68y0VQuH6IXVZMA2UhwFoHGetj1Ctrp%2B78rb8flnHSmSOZp%2BIogvDN4%2BTFESuzXAirqqyPK4P8h6YluOnjieKO0JV4W4sH7iE6e1sYIL5pJd%2BQo3qI6nHLWdeMPQidz%2FBFYjEdFO%2BEx%2BVYnl%2BnyRJ0d%2FGbstSJzAAW9AhAuottANhfw%3D%3D","environmentVariables":{"FIREBASE_CONFIG":"{\"projectId\":\"fir-f4f2f\",\"storageBucket\":\"fir-f4f2f.appspot.com\"}","GCLOUD_PROJECT":"fir-f4f2f","EVENTARC_CLOUD_EVENT_SOURCE":"projects/fir-f4f2f/locations/us-central1/functions/api"},"runtime":"nodejs18","buildId":"b7242358-1470-435b-94f9-57fa61fe9f04","buildEnvironmentVariables":{"GOOGLE_NODE_RUN_SCRIPTS":""},"buildName":"projects/362720150222/locations/us-central1/builds/b7242358-1470-435b-94f9-57fa61fe9f04","dockerRegistry":"ARTIFACT_REGISTRY"},"versionId":"2","updateTime":"2023-11-22T07:19:41Z","buildId":"c0285fe4-6018-4261-8f7e-277b709030da","buildName":"projects/362720150222/locations/us-central1/builds/c0285fe4-6018-4261-8f7e-277b709030da"}}
[debug] [2023-11-22T07:20:22.043Z] [update-default-us-central1-api] Retrying task index 0
[debug] [2023-11-22T07:20:22.044Z] >>> [apiv2][query] GET https://cloudfunctions.googleapis.com/v1/operations/ZmlyLWY0ZjJmL3VzLWNlbnRyYWwxL2FwaS9YckhIMDRVcENsYw [none]
[debug] [2023-11-22T07:20:22.554Z] <<< [apiv2][status] GET https://cloudfunctions.googleapis.com/v1/operations/ZmlyLWY0ZjJmL3VzLWNlbnRyYWwxL2FwaS9YckhIMDRVcENsYw 200
[debug] [2023-11-22T07:20:22.554Z] <<< [apiv2][body] GET https://cloudfunctions.googleapis.com/v1/operations/ZmlyLWY0ZjJmL3VzLWNlbnRyYWwxL2FwaS9YckhIMDRVcENsYw {"name":"operations/ZmlyLWY0ZjJmL3VzLWNlbnRyYWwxL2FwaS9YckhIMDRVcENsYw","metadata":{"@type":"type.googleapis.com/google.cloud.functions.v1.OperationMetadataV1","target":"projects/fir-f4f2f/locations/us-central1/functions/api","type":"UPDATE_FUNCTION","request":{"@type":"type.googleapis.com/google.cloud.functions.v1.CloudFunction","name":"projects/fir-f4f2f/locations/us-central1/functions/api","httpsTrigger":{"url":"https://us-central1-fir-f4f2f.cloudfunctions.net/api","securityLevel":"SECURE_ALWAYS"},"status":"ACTIVE","entryPoint":"api","updateTime":"2023-11-22T05:58:46.568Z","versionId":"1","labels":{"deployment-tool":"cli-firebase","firebase-functions-hash":"5589a7a53b28a9f04d1c83cdc9ae3b555101fbd9"},"sourceUploadUrl":"https://storage.googleapis.com/uploads-1069524713938.us-central1.cloudfunctions.appspot.com/0ac525d8-922e-423a-bbf3-a2b0a2e18cd0.zip?GoogleAccessId=service-362720150222@gcf-admin-robot.iam.gserviceaccount.com&Expires=1700639374&Signature=c4q94PetqyywuCOI%2FImQfY8jiTTdmHHPRKKgfZusJGMDCPHmd7rEpDVBbzPAqm2BKjK9toyg8NUE16C03rm%2BTzKHEb7pIR1rgCOhgBdeRFqqXXO3mtdVhjntIH9cVJyNt368ZSqzQNM8mTir%2FHpIitwj%2BrLIbzxvgJdmfqO68y0VQuH6IXVZMA2UhwFoHGetj1Ctrp%2B78rb8flnHSmSOZp%2BIogvDN4%2BTFESuzXAirqqyPK4P8h6YluOnjieKO0JV4W4sH7iE6e1sYIL5pJd%2BQo3qI6nHLWdeMPQidz%2FBFYjEdFO%2BEx%2BVYnl%2BnyRJ0d%2FGbstSJzAAW9AhAuottANhfw%3D%3D","environmentVariables":{"FIREBASE_CONFIG":"{\"projectId\":\"fir-f4f2f\",\"storageBucket\":\"fir-f4f2f.appspot.com\"}","GCLOUD_PROJECT":"fir-f4f2f","EVENTARC_CLOUD_EVENT_SOURCE":"projects/fir-f4f2f/locations/us-central1/functions/api"},"runtime":"nodejs18","buildId":"b7242358-1470-435b-94f9-57fa61fe9f04","buildEnvironmentVariables":{"GOOGLE_NODE_RUN_SCRIPTS":""},"buildName":"projects/362720150222/locations/us-central1/builds/b7242358-1470-435b-94f9-57fa61fe9f04","dockerRegistry":"ARTIFACT_REGISTRY"},"versionId":"2","updateTime":"2023-11-22T07:19:41Z","buildId":"c0285fe4-6018-4261-8f7e-277b709030da","sourceToken":"61a13481-a233-40e3-8683-8bd7d2647fe1","buildName":"projects/362720150222/locations/us-central1/builds/c0285fe4-6018-4261-8f7e-277b709030da"}}
[debug] [2023-11-22T07:20:22.555Z] Got source token 61a13481-a233-40e3-8683-8bd7d2647fe1 for region us-central1
[debug] [2023-11-22T07:20:32.564Z] [update-default-us-central1-api] Retrying task index 0
[debug] [2023-11-22T07:20:32.564Z] >>> [apiv2][query] GET https://cloudfunctions.googleapis.com/v1/operations/ZmlyLWY0ZjJmL3VzLWNlbnRyYWwxL2FwaS9YckhIMDRVcENsYw [none]
[debug] [2023-11-22T07:20:33.110Z] <<< [apiv2][status] GET https://cloudfunctions.googleapis.com/v1/operations/ZmlyLWY0ZjJmL3VzLWNlbnRyYWwxL2FwaS9YckhIMDRVcENsYw 200
[debug] [2023-11-22T07:20:33.110Z] <<< [apiv2][body] GET https://cloudfunctions.googleapis.com/v1/operations/ZmlyLWY0ZjJmL3VzLWNlbnRyYWwxL2FwaS9YckhIMDRVcENsYw {"name":"operations/ZmlyLWY0ZjJmL3VzLWNlbnRyYWwxL2FwaS9YckhIMDRVcENsYw","metadata":{"@type":"type.googleapis.com/google.cloud.functions.v1.OperationMetadataV1","target":"projects/fir-f4f2f/locations/us-central1/functions/api","type":"UPDATE_FUNCTION","request":{"@type":"type.googleapis.com/google.cloud.functions.v1.CloudFunction","name":"projects/fir-f4f2f/locations/us-central1/functions/api","httpsTrigger":{"url":"https://us-central1-fir-f4f2f.cloudfunctions.net/api","securityLevel":"SECURE_ALWAYS"},"status":"ACTIVE","entryPoint":"api","updateTime":"2023-11-22T05:58:46.568Z","versionId":"1","labels":{"deployment-tool":"cli-firebase","firebase-functions-hash":"5589a7a53b28a9f04d1c83cdc9ae3b555101fbd9"},"sourceUploadUrl":"https://storage.googleapis.com/uploads-1069524713938.us-central1.cloudfunctions.appspot.com/0ac525d8-922e-423a-bbf3-a2b0a2e18cd0.zip?GoogleAccessId=service-362720150222@gcf-admin-robot.iam.gserviceaccount.com&Expires=1700639374&Signature=c4q94PetqyywuCOI%2FImQfY8jiTTdmHHPRKKgfZusJGMDCPHmd7rEpDVBbzPAqm2BKjK9toyg8NUE16C03rm%2BTzKHEb7pIR1rgCOhgBdeRFqqXXO3mtdVhjntIH9cVJyNt368ZSqzQNM8mTir%2FHpIitwj%2BrLIbzxvgJdmfqO68y0VQuH6IXVZMA2UhwFoHGetj1Ctrp%2B78rb8flnHSmSOZp%2BIogvDN4%2BTFESuzXAirqqyPK4P8h6YluOnjieKO0JV4W4sH7iE6e1sYIL5pJd%2BQo3qI6nHLWdeMPQidz%2FBFYjEdFO%2BEx%2BVYnl%2BnyRJ0d%2FGbstSJzAAW9AhAuottANhfw%3D%3D","environmentVariables":{"FIREBASE_CONFIG":"{\"projectId\":\"fir-f4f2f\",\"storageBucket\":\"fir-f4f2f.appspot.com\"}","GCLOUD_PROJECT":"fir-f4f2f","EVENTARC_CLOUD_EVENT_SOURCE":"projects/fir-f4f2f/locations/us-central1/functions/api"},"runtime":"nodejs18","buildId":"b7242358-1470-435b-94f9-57fa61fe9f04","buildEnvironmentVariables":{"GOOGLE_NODE_RUN_SCRIPTS":""},"buildName":"projects/362720150222/locations/us-central1/builds/b7242358-1470-435b-94f9-57fa61fe9f04","dockerRegistry":"ARTIFACT_REGISTRY"},"versionId":"2","updateTime":"2023-11-22T07:20:31Z","buildId":"c0285fe4-6018-4261-8f7e-277b709030da","sourceToken":"61a13481-a233-40e3-8683-8bd7d2647fe1","buildName":"projects/362720150222/locations/us-central1/builds/c0285fe4-6018-4261-8f7e-277b709030da"},"done":true,"error":{"code":3,"message":"Function failed on loading user code. This is likely due to a bug in the user code. Error message: Provided module can't be loaded.\nDid you list all required modules in the package.json dependencies?\nDetailed stack trace: Error: Cannot find module 'stripe'\nRequire stack:\n- /workspace/index.js\n- /layers/google.nodejs.functions-framework/functions-framework/node_modules/@google-cloud/functions-framework/build/src/loader.js\n- /layers/google.nodejs.functions-framework/functions-framework/node_modules/@google-cloud/functions-framework/build/src/main.js\n    at Module._resolveFilename (node:internal/modules/cjs/loader:1077:15)\n    at Module._load (node:internal/modules/cjs/loader:922:27)\n    at Module.require (node:internal/modules/cjs/loader:1143:19)\n    at require (node:internal/modules/cjs/helpers:119:18)\n    at Object.<anonymous> (/workspace/index.js:9:16)\n    at Module._compile (node:internal/modules/cjs/loader:1256:14)\n    at Module._extensions..js (node:internal/modules/cjs/loader:1310:10)\n    at Module.load (node:internal/modules/cjs/loader:1119:32)\n    at Module._load (node:internal/modules/cjs/loader:960:12)\n    at Module.require (node:internal/modules/cjs/loader:1143:19)\nCould not load the function, shutting down.. Please visit https://cloud.google.com/functions/docs/troubleshooting for in-depth troubleshooting documentation."}}
[debug] [2023-11-22T07:20:33.110Z] Got source token 61a13481-a233-40e3-8683-8bd7d2647fe1 for region us-central1
[error] Function failed on loading user code. This is likely due to a bug in the user code. Error message: Provided module can't be loaded.
Did you list all required modules in the package.json dependencies?
Detailed stack trace: Error: Cannot find module 'stripe'
Require stack:
- /workspace/index.js
- /layers/google.nodejs.functions-framework/functions-framework/node_modules/@google-cloud/functions-framework/build/src/loader.js
- /layers/google.nodejs.functions-framework/functions-framework/node_modules/@google-cloud/functions-framework/build/src/main.js
    at Module._resolveFilename (node:internal/modules/cjs/loader:1077:15)
    at Module._load (node:internal/modules/cjs/loader:922:27)
    at Module.require (node:internal/modules/cjs/loader:1143:19)
    at require (node:internal/modules/cjs/helpers:119:18)
    at Object.<anonymous> (/workspace/index.js:9:16)
    at Module._compile (node:internal/modules/cjs/loader:1256:14)
    at Module._extensions..js (node:internal/modules/cjs/loader:1310:10)
    at Module.load (node:internal/modules/cjs/loader:1119:32)
    at Module._load (node:internal/modules/cjs/loader:960:12)
    at Module.require (node:internal/modules/cjs/loader:1143:19)
Could not load the function, shutting down.. Please visit https://cloud.google.com/functions/docs/troubleshooting for in-depth troubleshooting documentation.
[debug] [2023-11-22T07:20:33.129Z] Total Function Deployment time: 50949
[debug] [2023-11-22T07:20:33.129Z] 1 Functions Deployed
[debug] [2023-11-22T07:20:33.130Z] 1 Functions Errored
[debug] [2023-11-22T07:20:33.130Z] 0 Function Deployments Aborted
[debug] [2023-11-22T07:20:33.130Z] Average Function Deployment time: 50947
[info] 
[info] Functions deploy had errors with the following functions:
	api(us-central1)
[debug] [2023-11-22T07:20:33.388Z] Not printing URL for HTTPS function. Typically this means it didn't match a filter or we failed deployment
[info] i  functions: cleaning up build files... 
[debug] [2023-11-22T07:20:33.391Z] >>> [apiv2][query] DELETE https://artifactregistry.googleapis.com/v1beta2/projects/fir-f4f2f/locations/us-central1/repositories/gcf-artifacts/packages/api [none]
[debug] [2023-11-22T07:20:33.393Z] >>> [apiv2][query] GET https://us.gcr.io/v2/fir-f4f2f/gcf/us-central1/tags/list [none]
[debug] [2023-11-22T07:20:34.024Z] <<< [apiv2][status] GET https://us.gcr.io/v2/fir-f4f2f/gcf/us-central1/tags/list 200
[debug] [2023-11-22T07:20:34.024Z] <<< [apiv2][body] GET https://us.gcr.io/v2/fir-f4f2f/gcf/us-central1/tags/list {"child":[],"manifest":{},"name":"fir-f4f2f/gcf/us-central1","tags":[]}
[debug] [2023-11-22T07:20:34.025Z] Could not find image for function projects/fir-f4f2f/locations/us-central1/functions/api
[debug] [2023-11-22T07:20:35.339Z] <<< [apiv2][status] DELETE https://artifactregistry.googleapis.com/v1beta2/projects/fir-f4f2f/locations/us-central1/repositories/gcf-artifacts/packages/api 200
[debug] [2023-11-22T07:20:35.339Z] <<< [apiv2][body] DELETE https://artifactregistry.googleapis.com/v1beta2/projects/fir-f4f2f/locations/us-central1/repositories/gcf-artifacts/packages/api {"name":"projects/fir-f4f2f/locations/us-central1/operations/fdab2bf4-e0d9-47c5-8eb4-831397b9e2fc","metadata":{"@type":"type.googleapis.com/google.devtools.artifactregistry.v1beta2.OperationMetadata"}}
[debug] [2023-11-22T07:20:35.339Z] >>> [apiv2][query] GET https://artifactregistry.googleapis.com/v1beta2/projects/fir-f4f2f/locations/us-central1/operations/fdab2bf4-e0d9-47c5-8eb4-831397b9e2fc [none]
[debug] [2023-11-22T07:20:37.009Z] <<< [apiv2][status] GET https://artifactregistry.googleapis.com/v1beta2/projects/fir-f4f2f/locations/us-central1/operations/fdab2bf4-e0d9-47c5-8eb4-831397b9e2fc 200
[debug] [2023-11-22T07:20:37.009Z] <<< [apiv2][body] GET https://artifactregistry.googleapis.com/v1beta2/projects/fir-f4f2f/locations/us-central1/operations/fdab2bf4-e0d9-47c5-8eb4-831397b9e2fc {"name":"projects/fir-f4f2f/locations/us-central1/operations/fdab2bf4-e0d9-47c5-8eb4-831397b9e2fc","metadata":{"@type":"type.googleapis.com/google.devtools.artifactregistry.v1beta2.OperationMetadata"},"done":true,"response":{"@type":"type.googleapis.com/google.protobuf.Empty"}}
[debug] [2023-11-22T07:20:37.009Z] Functions deploy failed.
[debug] [2023-11-22T07:20:37.010Z] {
  "endpoint": {
    "id": "api",
    "project": "fir-f4f2f",
    "region": "us-central1",
    "entryPoint": "api",
    "platform": "gcfv1",
    "runtime": "nodejs18",
    "httpsTrigger": {},
    "ingressSettings": null,
    "availableMemoryMb": null,
    "serviceAccount": null,
    "timeoutSeconds": null,
    "maxInstances": null,
    "minInstances": null,
    "vpc": null,
    "environmentVariables": {
      "FIREBASE_CONFIG": "{\"projectId\":\"fir-f4f2f\",\"storageBucket\":\"fir-f4f2f.appspot.com\"}",
      "GCLOUD_PROJECT": "fir-f4f2f",
      "EVENTARC_CLOUD_EVENT_SOURCE": "projects/fir-f4f2f/locations/us-central1/functions/api"
    },
    "codebase": "default",
    "securityLevel": "SECURE_ALWAYS",
    "targetedByOnly": false,
    "hash": "5589a7a53b28a9f04d1c83cdc9ae3b555101fbd9",
    "labels": {
      "deployment-tool": "cli-firebase"
    }
  },
  "op": "update",
  "original": {
    "name": "FirebaseError",
    "children": [],
    "exit": 1,
    "message": "Function failed on loading user code. This is likely due to a bug in the user code. Error message: Provided module can't be loaded.\nDid you list all required modules in the package.json dependencies?\nDetailed stack trace: Error: Cannot find module 'stripe'\nRequire stack:\n- /workspace/index.js\n- /layers/google.nodejs.functions-framework/functions-framework/node_modules/@google-cloud/functions-framework/build/src/loader.js\n- /layers/google.nodejs.functions-framework/functions-framework/node_modules/@google-cloud/functions-framework/build/src/main.js\n    at Module._resolveFilename (node:internal/modules/cjs/loader:1077:15)\n    at Module._load (node:internal/modules/cjs/loader:922:27)\n    at Module.require (node:internal/modules/cjs/loader:1143:19)\n    at require (node:internal/modules/cjs/helpers:119:18)\n    at Object.<anonymous> (/workspace/index.js:9:16)\n    at Module._compile (node:internal/modules/cjs/loader:1256:14)\n    at Module._extensions..js (node:internal/modules/cjs/loader:1310:10)\n    at Module.load (node:internal/modules/cjs/loader:1119:32)\n    at Module._load (node:internal/modules/cjs/loader:960:12)\n    at Module.require (node:internal/modules/cjs/loader:1143:19)\nCould not load the function, shutting down.. Please visit https://cloud.google.com/functions/docs/troubleshooting for in-depth troubleshooting documentation.",
    "status": 3,
    "code": 3
  }
}
[debug] [2023-11-22T07:20:37.265Z] Error: Failed to update function api in region us-central1
    at C:\Users\singh\AppData\Roaming\npm\node_modules\firebase-tools\lib\deploy\functions\release\fabricator.js:51:11
    at process.processTicksAndRejections (node:internal/process/task_queues:95:5)
    at async Fabricator.updateV1Function (C:\Users\singh\AppData\Roaming\npm\node_modules\firebase-tools\lib\deploy\functions\release\fabricator.js:347:32)
    at async Fabricator.updateEndpoint (C:\Users\singh\AppData\Roaming\npm\node_modules\firebase-tools\lib\deploy\functions\release\fabricator.js:151:13)
    at async handle (C:\Users\singh\AppData\Roaming\npm\node_modules\firebase-tools\lib\deploy\functions\release\fabricator.js:88:17)
[error] 
[error] Error: There was an error deploying functions
